2025-07-22 15:23:40,072 - __main__ - INFO - === Flask 앱 초기화 시작 ===
2025-07-22 15:23:40,127 - __main__ - INFO - ✅ 환경변수 로드 완료
2025-07-22 15:23:40,331 - __main__ - INFO - ✅ Flask 모듈 import 완료
2025-07-22 15:23:40,557 - __main__ - INFO - ✅ Supabase 모듈 import 완료
2025-07-22 15:23:40,557 - __main__ - INFO - Flask 앱 생성 중...
2025-07-22 15:23:40,558 - __main__ - INFO - Supabase 연결 설정 중...
2025-07-22 15:23:40,559 - __main__ - INFO - Supabase URL 존재: True
2025-07-22 15:23:40,559 - __main__ - INFO - Supabase Key 존재: True
2025-07-22 15:23:40,626 - __main__ - INFO - ✅ Supabase 클라이언트 생성 완료
2025-07-22 15:23:40,626 - __main__ - WARNING - ⚠️ Service Role Key 없음, anon key 사용
2025-07-22 15:23:40,756 - httpx - INFO - HTTP Request: GET https://ehsksxlciaukdbfaaogy.supabase.co/rest/v1/edutech_cards?select=id&view=eq.1&limit=1 "HTTP/2 200 OK"
2025-07-22 15:23:40,761 - __main__ - INFO - ✅ Supabase 연결 테스트 성공 - 데이터: True
2025-07-22 15:23:40,762 - __main__ - INFO - === Flask 앱 초기화 완료 ===
2025-07-22 15:23:40,767 - __main__ - INFO - Railway 환경: False
2025-07-22 15:23:40,768 - __main__ - INFO - === 앱 초기화 완료 요약 ===
2025-07-22 15:23:40,768 - __main__ - INFO - ✅ Flask 앱: app
2025-07-22 15:23:40,769 - __main__ - INFO - ✅ Supabase 연결: 성공
2025-07-22 15:23:40,770 - __main__ - INFO - ✅ Supabase Storage 버킷: edutech-thumbnails
2025-07-22 15:23:40,771 - __main__ - INFO - ✅ 환경: 로컬
2025-07-22 15:23:40,771 - __main__ - INFO - 🚀 로컬 서버 시작: 포트 5000, 디버그 False
 * Serving Flask app 'app'
 * Debug mode: off
2025-07-22 15:23:40,792 - werkzeug - INFO - [31m[1mWARNING: This is a development server. Do not use it in a production deployment. Use a production WSGI server instead.[0m
 * Running on all addresses (0.0.0.0)
 * Running on http://127.0.0.1:5000
 * Running on http://172.17.22.252:5000
2025-07-22 15:23:40,793 - werkzeug - INFO - [33mPress CTRL+C to quit[0m
2025-07-22 15:23:52,013 - werkzeug - INFO - 127.0.0.1 - - [22/Jul/2025 15:23:52] "GET /admin HTTP/1.1" 200 -
2025-07-22 15:23:52,073 - werkzeug - INFO - 127.0.0.1 - - [22/Jul/2025 15:23:52] "[36mGET /static/css/style.css HTTP/1.1[0m" 304 -
2025-07-22 15:23:52,077 - werkzeug - INFO - 127.0.0.1 - - [22/Jul/2025 15:23:52] "[36mGET /static/js/admin.js HTTP/1.1[0m" 304 -
=== API /api/cards GET 요청 받음 ===
검색 조건 - search: '', category: '', subject: ''
데이터베이스 쿼리 실행 중...
2025-07-22 15:23:52,203 - httpx - INFO - HTTP Request: GET https://ehsksxlciaukdbfaaogy.supabase.co/rest/v1/edutech_cards?select=%2A&view=eq.1&order=sort_order.asc%2Ccreated_at.desc "HTTP/2 200 OK"
조회된 카드 수: 188
첫 번째 카드: 클로바노트
2025-07-22 15:23:52,209 - werkzeug - INFO - 127.0.0.1 - - [22/Jul/2025 15:23:52] "GET /api/cards HTTP/1.1" 200 -
2025-07-22 15:23:54,242 - werkzeug - INFO - 127.0.0.1 - - [22/Jul/2025 15:23:54] "GET /admin HTTP/1.1" 200 -
2025-07-22 15:23:54,271 - werkzeug - INFO - 127.0.0.1 - - [22/Jul/2025 15:23:54] "[36mGET /static/js/admin.js HTTP/1.1[0m" 304 -
2025-07-22 15:23:54,272 - werkzeug - INFO - 127.0.0.1 - - [22/Jul/2025 15:23:54] "[36mGET /static/css/style.css HTTP/1.1[0m" 304 -
=== API /api/cards GET 요청 받음 ===
검색 조건 - search: '', category: '', subject: ''
데이터베이스 쿼리 실행 중...
2025-07-22 15:23:54,377 - httpx - INFO - HTTP Request: GET https://ehsksxlciaukdbfaaogy.supabase.co/rest/v1/edutech_cards?select=%2A&view=eq.1&order=sort_order.asc%2Ccreated_at.desc "HTTP/2 200 OK"
조회된 카드 수: 188
첫 번째 카드: 클로바노트
2025-07-22 15:23:54,384 - werkzeug - INFO - 127.0.0.1 - - [22/Jul/2025 15:23:54] "GET /api/cards HTTP/1.1" 200 -
2025-07-22 15:23:56,343 - werkzeug - INFO - 127.0.0.1 - - [22/Jul/2025 15:23:56] "GET / HTTP/1.1" 200 -
2025-07-22 15:23:57,072 - werkzeug - INFO - 127.0.0.1 - - [22/Jul/2025 15:23:57] "GET / HTTP/1.1" 200 -
2025-07-22 15:23:57,124 - werkzeug - INFO - 127.0.0.1 - - [22/Jul/2025 15:23:57] "[36mGET /static/css/style.css HTTP/1.1[0m" 304 -
2025-07-22 15:23:57,127 - werkzeug - INFO - 127.0.0.1 - - [22/Jul/2025 15:23:57] "[36mGET /static/js/view.js HTTP/1.1[0m" 304 -
=== API /api/cards GET 요청 받음 ===
검색 조건 - search: '', category: '', subject: ''
데이터베이스 쿼리 실행 중...
2025-07-22 15:23:57,190 - httpx - INFO - HTTP Request: GET https://ehsksxlciaukdbfaaogy.supabase.co/rest/v1/edutech_cards?select=%2A&view=eq.1&order=sort_order.asc%2Ccreated_at.desc "HTTP/2 200 OK"
조회된 카드 수: 188
첫 번째 카드: 클로바노트
2025-07-22 15:23:57,196 - werkzeug - INFO - 127.0.0.1 - - [22/Jul/2025 15:23:57] "GET /api/cards HTTP/1.1" 200 -
2025-07-22 15:25:30,283 - httpx - INFO - HTTP Request: PATCH https://ehsksxlciaukdbfaaogy.supabase.co/rest/v1/edutech_cards?id=eq.1 "HTTP/2 200 OK"
2025-07-22 15:25:30,373 - httpx - INFO - HTTP Request: PATCH https://ehsksxlciaukdbfaaogy.supabase.co/rest/v1/edutech_cards?id=eq.12 "HTTP/2 200 OK"
2025-07-22 15:25:30,419 - httpx - INFO - HTTP Request: PATCH https://ehsksxlciaukdbfaaogy.supabase.co/rest/v1/edutech_cards?id=eq.11 "HTTP/2 200 OK"
2025-07-22 15:25:30,467 - httpx - INFO - HTTP Request: PATCH https://ehsksxlciaukdbfaaogy.supabase.co/rest/v1/edutech_cards?id=eq.7 "HTTP/2 200 OK"
2025-07-22 15:25:30,518 - httpx - INFO - HTTP Request: PATCH https://ehsksxlciaukdbfaaogy.supabase.co/rest/v1/edutech_cards?id=eq.6 "HTTP/2 200 OK"
2025-07-22 15:25:30,558 - httpx - INFO - HTTP Request: PATCH https://ehsksxlciaukdbfaaogy.supabase.co/rest/v1/edutech_cards?id=eq.23 "HTTP/2 200 OK"
2025-07-22 15:25:30,614 - httpx - INFO - HTTP Request: PATCH https://ehsksxlciaukdbfaaogy.supabase.co/rest/v1/edutech_cards?id=eq.4 "HTTP/2 200 OK"
2025-07-22 15:25:30,663 - httpx - INFO - HTTP Request: PATCH https://ehsksxlciaukdbfaaogy.supabase.co/rest/v1/edutech_cards?id=eq.8 "HTTP/2 200 OK"
2025-07-22 15:25:30,704 - httpx - INFO - HTTP Request: PATCH https://ehsksxlciaukdbfaaogy.supabase.co/rest/v1/edutech_cards?id=eq.9 "HTTP/2 200 OK"
2025-07-22 15:25:30,752 - httpx - INFO - HTTP Request: PATCH https://ehsksxlciaukdbfaaogy.supabase.co/rest/v1/edutech_cards?id=eq.17 "HTTP/2 200 OK"
2025-07-22 15:25:30,798 - httpx - INFO - HTTP Request: PATCH https://ehsksxlciaukdbfaaogy.supabase.co/rest/v1/edutech_cards?id=eq.19 "HTTP/2 200 OK"
2025-07-22 15:25:30,850 - httpx - INFO - HTTP Request: PATCH https://ehsksxlciaukdbfaaogy.supabase.co/rest/v1/edutech_cards?id=eq.20 "HTTP/2 200 OK"
2025-07-22 15:25:30,890 - httpx - INFO - HTTP Request: PATCH https://ehsksxlciaukdbfaaogy.supabase.co/rest/v1/edutech_cards?id=eq.5 "HTTP/2 200 OK"
2025-07-22 15:25:30,949 - httpx - INFO - HTTP Request: PATCH https://ehsksxlciaukdbfaaogy.supabase.co/rest/v1/edutech_cards?id=eq.15 "HTTP/2 200 OK"
2025-07-22 15:25:30,995 - httpx - INFO - HTTP Request: PATCH https://ehsksxlciaukdbfaaogy.supabase.co/rest/v1/edutech_cards?id=eq.10 "HTTP/2 200 OK"
2025-07-22 15:25:31,032 - httpx - INFO - HTTP Request: PATCH https://ehsksxlciaukdbfaaogy.supabase.co/rest/v1/edutech_cards?id=eq.13 "HTTP/2 200 OK"
2025-07-22 15:25:31,080 - httpx - INFO - HTTP Request: PATCH https://ehsksxlciaukdbfaaogy.supabase.co/rest/v1/edutech_cards?id=eq.16 "HTTP/2 200 OK"
2025-07-22 15:25:31,130 - httpx - INFO - HTTP Request: PATCH https://ehsksxlciaukdbfaaogy.supabase.co/rest/v1/edutech_cards?id=eq.18 "HTTP/2 200 OK"
2025-07-22 15:25:31,170 - httpx - INFO - HTTP Request: PATCH https://ehsksxlciaukdbfaaogy.supabase.co/rest/v1/edutech_cards?id=eq.21 "HTTP/2 200 OK"
2025-07-22 15:25:31,224 - httpx - INFO - HTTP Request: PATCH https://ehsksxlciaukdbfaaogy.supabase.co/rest/v1/edutech_cards?id=eq.22 "HTTP/2 200 OK"
2025-07-22 15:25:31,259 - httpx - INFO - HTTP Request: PATCH https://ehsksxlciaukdbfaaogy.supabase.co/rest/v1/edutech_cards?id=eq.14 "HTTP/2 200 OK"
2025-07-22 15:25:31,314 - httpx - INFO - HTTP Request: PATCH https://ehsksxlciaukdbfaaogy.supabase.co/rest/v1/edutech_cards?id=eq.27 "HTTP/2 200 OK"
2025-07-22 15:25:31,358 - httpx - INFO - HTTP Request: PATCH https://ehsksxlciaukdbfaaogy.supabase.co/rest/v1/edutech_cards?id=eq.40 "HTTP/2 200 OK"
2025-07-22 15:25:31,393 - httpx - INFO - HTTP Request: PATCH https://ehsksxlciaukdbfaaogy.supabase.co/rest/v1/edutech_cards?id=eq.25 "HTTP/2 200 OK"
2025-07-22 15:25:31,431 - httpx - INFO - HTTP Request: PATCH https://ehsksxlciaukdbfaaogy.supabase.co/rest/v1/edutech_cards?id=eq.33 "HTTP/2 200 OK"
2025-07-22 15:25:31,475 - httpx - INFO - HTTP Request: PATCH https://ehsksxlciaukdbfaaogy.supabase.co/rest/v1/edutech_cards?id=eq.35 "HTTP/2 200 OK"
2025-07-22 15:25:31,509 - httpx - INFO - HTTP Request: PATCH https://ehsksxlciaukdbfaaogy.supabase.co/rest/v1/edutech_cards?id=eq.37 "HTTP/2 200 OK"
2025-07-22 15:25:31,542 - httpx - INFO - HTTP Request: PATCH https://ehsksxlciaukdbfaaogy.supabase.co/rest/v1/edutech_cards?id=eq.39 "HTTP/2 200 OK"
2025-07-22 15:25:31,580 - httpx - INFO - HTTP Request: PATCH https://ehsksxlciaukdbfaaogy.supabase.co/rest/v1/edutech_cards?id=eq.42 "HTTP/2 200 OK"
2025-07-22 15:25:31,618 - httpx - INFO - HTTP Request: PATCH https://ehsksxlciaukdbfaaogy.supabase.co/rest/v1/edutech_cards?id=eq.28 "HTTP/2 200 OK"
2025-07-22 15:25:31,651 - httpx - INFO - HTTP Request: PATCH https://ehsksxlciaukdbfaaogy.supabase.co/rest/v1/edutech_cards?id=eq.30 "HTTP/2 200 OK"
2025-07-22 15:25:31,685 - httpx - INFO - HTTP Request: PATCH https://ehsksxlciaukdbfaaogy.supabase.co/rest/v1/edutech_cards?id=eq.34 "HTTP/2 200 OK"
2025-07-22 15:25:31,729 - httpx - INFO - HTTP Request: PATCH https://ehsksxlciaukdbfaaogy.supabase.co/rest/v1/edutech_cards?id=eq.36 "HTTP/2 200 OK"
2025-07-22 15:25:31,763 - httpx - INFO - HTTP Request: PATCH https://ehsksxlciaukdbfaaogy.supabase.co/rest/v1/edutech_cards?id=eq.38 "HTTP/2 200 OK"
2025-07-22 15:25:31,800 - httpx - INFO - HTTP Request: PATCH https://ehsksxlciaukdbfaaogy.supabase.co/rest/v1/edutech_cards?id=eq.41 "HTTP/2 200 OK"
2025-07-22 15:25:31,842 - httpx - INFO - HTTP Request: PATCH https://ehsksxlciaukdbfaaogy.supabase.co/rest/v1/edutech_cards?id=eq.24 "HTTP/2 200 OK"
2025-07-22 15:25:31,876 - httpx - INFO - HTTP Request: PATCH https://ehsksxlciaukdbfaaogy.supabase.co/rest/v1/edutech_cards?id=eq.26 "HTTP/2 200 OK"
2025-07-22 15:25:31,916 - httpx - INFO - HTTP Request: PATCH https://ehsksxlciaukdbfaaogy.supabase.co/rest/v1/edutech_cards?id=eq.32 "HTTP/2 200 OK"
2025-07-22 15:25:31,962 - httpx - INFO - HTTP Request: PATCH https://ehsksxlciaukdbfaaogy.supabase.co/rest/v1/edutech_cards?id=eq.44 "HTTP/2 200 OK"
2025-07-22 15:25:31,997 - httpx - INFO - HTTP Request: PATCH https://ehsksxlciaukdbfaaogy.supabase.co/rest/v1/edutech_cards?id=eq.46 "HTTP/2 200 OK"
2025-07-22 15:25:32,038 - httpx - INFO - HTTP Request: PATCH https://ehsksxlciaukdbfaaogy.supabase.co/rest/v1/edutech_cards?id=eq.45 "HTTP/2 200 OK"
2025-07-22 15:25:32,075 - httpx - INFO - HTTP Request: PATCH https://ehsksxlciaukdbfaaogy.supabase.co/rest/v1/edutech_cards?id=eq.57 "HTTP/2 200 OK"
2025-07-22 15:25:32,110 - httpx - INFO - HTTP Request: PATCH https://ehsksxlciaukdbfaaogy.supabase.co/rest/v1/edutech_cards?id=eq.50 "HTTP/2 200 OK"
2025-07-22 15:25:32,152 - httpx - INFO - HTTP Request: PATCH https://ehsksxlciaukdbfaaogy.supabase.co/rest/v1/edutech_cards?id=eq.51 "HTTP/2 200 OK"
2025-07-22 15:25:32,195 - httpx - INFO - HTTP Request: PATCH https://ehsksxlciaukdbfaaogy.supabase.co/rest/v1/edutech_cards?id=eq.53 "HTTP/2 200 OK"
2025-07-22 15:25:32,236 - httpx - INFO - HTTP Request: PATCH https://ehsksxlciaukdbfaaogy.supabase.co/rest/v1/edutech_cards?id=eq.54 "HTTP/2 200 OK"
2025-07-22 15:25:32,281 - httpx - INFO - HTTP Request: PATCH https://ehsksxlciaukdbfaaogy.supabase.co/rest/v1/edutech_cards?id=eq.59 "HTTP/2 200 OK"
2025-07-22 15:25:32,325 - httpx - INFO - HTTP Request: PATCH https://ehsksxlciaukdbfaaogy.supabase.co/rest/v1/edutech_cards?id=eq.60 "HTTP/2 200 OK"
2025-07-22 15:25:32,365 - httpx - INFO - HTTP Request: PATCH https://ehsksxlciaukdbfaaogy.supabase.co/rest/v1/edutech_cards?id=eq.62 "HTTP/2 200 OK"
2025-07-22 15:25:32,410 - httpx - INFO - HTTP Request: PATCH https://ehsksxlciaukdbfaaogy.supabase.co/rest/v1/edutech_cards?id=eq.48 "HTTP/2 200 OK"
2025-07-22 15:25:32,444 - httpx - INFO - HTTP Request: PATCH https://ehsksxlciaukdbfaaogy.supabase.co/rest/v1/edutech_cards?id=eq.49 "HTTP/2 200 OK"
2025-07-22 15:25:32,482 - httpx - INFO - HTTP Request: PATCH https://ehsksxlciaukdbfaaogy.supabase.co/rest/v1/edutech_cards?id=eq.61 "HTTP/2 200 OK"
2025-07-22 15:25:32,514 - httpx - INFO - HTTP Request: PATCH https://ehsksxlciaukdbfaaogy.supabase.co/rest/v1/edutech_cards?id=eq.47 "HTTP/2 200 OK"
2025-07-22 15:25:32,570 - httpx - INFO - HTTP Request: PATCH https://ehsksxlciaukdbfaaogy.supabase.co/rest/v1/edutech_cards?id=eq.55 "HTTP/2 200 OK"
2025-07-22 15:25:32,606 - httpx - INFO - HTTP Request: PATCH https://ehsksxlciaukdbfaaogy.supabase.co/rest/v1/edutech_cards?id=eq.58 "HTTP/2 200 OK"
2025-07-22 15:25:32,652 - httpx - INFO - HTTP Request: PATCH https://ehsksxlciaukdbfaaogy.supabase.co/rest/v1/edutech_cards?id=eq.63 "HTTP/2 200 OK"
2025-07-22 15:25:32,684 - httpx - INFO - HTTP Request: PATCH https://ehsksxlciaukdbfaaogy.supabase.co/rest/v1/edutech_cards?id=eq.52 "HTTP/2 200 OK"
2025-07-22 15:25:32,719 - httpx - INFO - HTTP Request: PATCH https://ehsksxlciaukdbfaaogy.supabase.co/rest/v1/edutech_cards?id=eq.65 "HTTP/2 200 OK"
2025-07-22 15:25:32,754 - httpx - INFO - HTTP Request: PATCH https://ehsksxlciaukdbfaaogy.supabase.co/rest/v1/edutech_cards?id=eq.66 "HTTP/2 200 OK"
2025-07-22 15:25:32,788 - httpx - INFO - HTTP Request: PATCH https://ehsksxlciaukdbfaaogy.supabase.co/rest/v1/edutech_cards?id=eq.69 "HTTP/2 200 OK"
2025-07-22 15:25:32,827 - httpx - INFO - HTTP Request: PATCH https://ehsksxlciaukdbfaaogy.supabase.co/rest/v1/edutech_cards?id=eq.71 "HTTP/2 200 OK"
2025-07-22 15:25:32,870 - httpx - INFO - HTTP Request: PATCH https://ehsksxlciaukdbfaaogy.supabase.co/rest/v1/edutech_cards?id=eq.67 "HTTP/2 200 OK"
2025-07-22 15:25:32,904 - httpx - INFO - HTTP Request: PATCH https://ehsksxlciaukdbfaaogy.supabase.co/rest/v1/edutech_cards?id=eq.72 "HTTP/2 200 OK"
2025-07-22 15:25:32,949 - httpx - INFO - HTTP Request: PATCH https://ehsksxlciaukdbfaaogy.supabase.co/rest/v1/edutech_cards?id=eq.74 "HTTP/2 200 OK"
2025-07-22 15:25:32,990 - httpx - INFO - HTTP Request: PATCH https://ehsksxlciaukdbfaaogy.supabase.co/rest/v1/edutech_cards?id=eq.75 "HTTP/2 200 OK"
2025-07-22 15:25:33,027 - httpx - INFO - HTTP Request: PATCH https://ehsksxlciaukdbfaaogy.supabase.co/rest/v1/edutech_cards?id=eq.29 "HTTP/2 200 OK"
2025-07-22 15:25:33,062 - httpx - INFO - HTTP Request: PATCH https://ehsksxlciaukdbfaaogy.supabase.co/rest/v1/edutech_cards?id=eq.73 "HTTP/2 200 OK"
2025-07-22 15:25:33,101 - httpx - INFO - HTTP Request: PATCH https://ehsksxlciaukdbfaaogy.supabase.co/rest/v1/edutech_cards?id=eq.56 "HTTP/2 200 OK"
2025-07-22 15:25:33,137 - httpx - INFO - HTTP Request: PATCH https://ehsksxlciaukdbfaaogy.supabase.co/rest/v1/edutech_cards?id=eq.76 "HTTP/2 200 OK"
2025-07-22 15:25:33,178 - httpx - INFO - HTTP Request: PATCH https://ehsksxlciaukdbfaaogy.supabase.co/rest/v1/edutech_cards?id=eq.77 "HTTP/2 200 OK"
2025-07-22 15:25:33,215 - httpx - INFO - HTTP Request: PATCH https://ehsksxlciaukdbfaaogy.supabase.co/rest/v1/edutech_cards?id=eq.78 "HTTP/2 200 OK"
2025-07-22 15:25:33,255 - httpx - INFO - HTTP Request: PATCH https://ehsksxlciaukdbfaaogy.supabase.co/rest/v1/edutech_cards?id=eq.79 "HTTP/2 200 OK"
2025-07-22 15:25:33,293 - httpx - INFO - HTTP Request: PATCH https://ehsksxlciaukdbfaaogy.supabase.co/rest/v1/edutech_cards?id=eq.80 "HTTP/2 200 OK"
2025-07-22 15:25:33,338 - httpx - INFO - HTTP Request: PATCH https://ehsksxlciaukdbfaaogy.supabase.co/rest/v1/edutech_cards?id=eq.81 "HTTP/2 200 OK"
2025-07-22 15:25:33,378 - httpx - INFO - HTTP Request: PATCH https://ehsksxlciaukdbfaaogy.supabase.co/rest/v1/edutech_cards?id=eq.82 "HTTP/2 200 OK"
2025-07-22 15:25:33,421 - httpx - INFO - HTTP Request: PATCH https://ehsksxlciaukdbfaaogy.supabase.co/rest/v1/edutech_cards?id=eq.83 "HTTP/2 200 OK"
2025-07-22 15:25:33,456 - httpx - INFO - HTTP Request: PATCH https://ehsksxlciaukdbfaaogy.supabase.co/rest/v1/edutech_cards?id=eq.64 "HTTP/2 200 OK"
2025-07-22 15:25:33,496 - httpx - INFO - HTTP Request: PATCH https://ehsksxlciaukdbfaaogy.supabase.co/rest/v1/edutech_cards?id=eq.70 "HTTP/2 200 OK"
2025-07-22 15:25:33,538 - httpx - INFO - HTTP Request: PATCH https://ehsksxlciaukdbfaaogy.supabase.co/rest/v1/edutech_cards?id=eq.84 "HTTP/2 200 OK"
2025-07-22 15:25:33,570 - httpx - INFO - HTTP Request: PATCH https://ehsksxlciaukdbfaaogy.supabase.co/rest/v1/edutech_cards?id=eq.85 "HTTP/2 200 OK"
2025-07-22 15:25:33,608 - httpx - INFO - HTTP Request: PATCH https://ehsksxlciaukdbfaaogy.supabase.co/rest/v1/edutech_cards?id=eq.87 "HTTP/2 200 OK"
2025-07-22 15:25:33,645 - httpx - INFO - HTTP Request: PATCH https://ehsksxlciaukdbfaaogy.supabase.co/rest/v1/edutech_cards?id=eq.88 "HTTP/2 200 OK"
2025-07-22 15:25:33,681 - httpx - INFO - HTTP Request: PATCH https://ehsksxlciaukdbfaaogy.supabase.co/rest/v1/edutech_cards?id=eq.89 "HTTP/2 200 OK"
2025-07-22 15:25:33,721 - httpx - INFO - HTTP Request: PATCH https://ehsksxlciaukdbfaaogy.supabase.co/rest/v1/edutech_cards?id=eq.90 "HTTP/2 200 OK"
2025-07-22 15:25:33,758 - httpx - INFO - HTTP Request: PATCH https://ehsksxlciaukdbfaaogy.supabase.co/rest/v1/edutech_cards?id=eq.91 "HTTP/2 200 OK"
2025-07-22 15:25:33,791 - httpx - INFO - HTTP Request: PATCH https://ehsksxlciaukdbfaaogy.supabase.co/rest/v1/edutech_cards?id=eq.92 "HTTP/2 200 OK"
2025-07-22 15:25:33,826 - httpx - INFO - HTTP Request: PATCH https://ehsksxlciaukdbfaaogy.supabase.co/rest/v1/edutech_cards?id=eq.93 "HTTP/2 200 OK"
2025-07-22 15:25:33,870 - httpx - INFO - HTTP Request: PATCH https://ehsksxlciaukdbfaaogy.supabase.co/rest/v1/edutech_cards?id=eq.94 "HTTP/2 200 OK"
2025-07-22 15:25:33,924 - httpx - INFO - HTTP Request: PATCH https://ehsksxlciaukdbfaaogy.supabase.co/rest/v1/edutech_cards?id=eq.95 "HTTP/2 200 OK"
2025-07-22 15:25:33,958 - httpx - INFO - HTTP Request: PATCH https://ehsksxlciaukdbfaaogy.supabase.co/rest/v1/edutech_cards?id=eq.96 "HTTP/2 200 OK"
2025-07-22 15:25:34,004 - httpx - INFO - HTTP Request: PATCH https://ehsksxlciaukdbfaaogy.supabase.co/rest/v1/edutech_cards?id=eq.98 "HTTP/2 200 OK"
2025-07-22 15:25:34,043 - httpx - INFO - HTTP Request: PATCH https://ehsksxlciaukdbfaaogy.supabase.co/rest/v1/edutech_cards?id=eq.103 "HTTP/2 200 OK"
2025-07-22 15:25:34,092 - httpx - INFO - HTTP Request: PATCH https://ehsksxlciaukdbfaaogy.supabase.co/rest/v1/edutech_cards?id=eq.104 "HTTP/2 200 OK"
2025-07-22 15:25:34,129 - httpx - INFO - HTTP Request: PATCH https://ehsksxlciaukdbfaaogy.supabase.co/rest/v1/edutech_cards?id=eq.105 "HTTP/2 200 OK"
2025-07-22 15:25:34,161 - httpx - INFO - HTTP Request: PATCH https://ehsksxlciaukdbfaaogy.supabase.co/rest/v1/edutech_cards?id=eq.97 "HTTP/2 200 OK"
2025-07-22 15:25:34,198 - httpx - INFO - HTTP Request: PATCH https://ehsksxlciaukdbfaaogy.supabase.co/rest/v1/edutech_cards?id=eq.99 "HTTP/2 200 OK"
2025-07-22 15:25:34,239 - httpx - INFO - HTTP Request: PATCH https://ehsksxlciaukdbfaaogy.supabase.co/rest/v1/edutech_cards?id=eq.100 "HTTP/2 200 OK"
2025-07-22 15:25:34,272 - httpx - INFO - HTTP Request: PATCH https://ehsksxlciaukdbfaaogy.supabase.co/rest/v1/edutech_cards?id=eq.101 "HTTP/2 200 OK"
2025-07-22 15:25:34,312 - httpx - INFO - HTTP Request: PATCH https://ehsksxlciaukdbfaaogy.supabase.co/rest/v1/edutech_cards?id=eq.102 "HTTP/2 200 OK"
2025-07-22 15:25:34,349 - httpx - INFO - HTTP Request: PATCH https://ehsksxlciaukdbfaaogy.supabase.co/rest/v1/edutech_cards?id=eq.106 "HTTP/2 200 OK"
2025-07-22 15:25:34,387 - httpx - INFO - HTTP Request: PATCH https://ehsksxlciaukdbfaaogy.supabase.co/rest/v1/edutech_cards?id=eq.114 "HTTP/2 200 OK"
2025-07-22 15:25:34,433 - httpx - INFO - HTTP Request: PATCH https://ehsksxlciaukdbfaaogy.supabase.co/rest/v1/edutech_cards?id=eq.109 "HTTP/2 200 OK"
2025-07-22 15:25:34,471 - httpx - INFO - HTTP Request: PATCH https://ehsksxlciaukdbfaaogy.supabase.co/rest/v1/edutech_cards?id=eq.108 "HTTP/2 200 OK"
2025-07-22 15:25:34,524 - httpx - INFO - HTTP Request: PATCH https://ehsksxlciaukdbfaaogy.supabase.co/rest/v1/edutech_cards?id=eq.113 "HTTP/2 200 OK"
2025-07-22 15:25:34,564 - httpx - INFO - HTTP Request: PATCH https://ehsksxlciaukdbfaaogy.supabase.co/rest/v1/edutech_cards?id=eq.112 "HTTP/2 200 OK"
2025-07-22 15:25:34,596 - httpx - INFO - HTTP Request: PATCH https://ehsksxlciaukdbfaaogy.supabase.co/rest/v1/edutech_cards?id=eq.115 "HTTP/2 200 OK"
2025-07-22 15:25:34,634 - httpx - INFO - HTTP Request: PATCH https://ehsksxlciaukdbfaaogy.supabase.co/rest/v1/edutech_cards?id=eq.107 "HTTP/2 200 OK"
2025-07-22 15:25:34,670 - httpx - INFO - HTTP Request: PATCH https://ehsksxlciaukdbfaaogy.supabase.co/rest/v1/edutech_cards?id=eq.110 "HTTP/2 200 OK"
2025-07-22 15:25:34,712 - httpx - INFO - HTTP Request: PATCH https://ehsksxlciaukdbfaaogy.supabase.co/rest/v1/edutech_cards?id=eq.116 "HTTP/2 200 OK"
2025-07-22 15:25:34,757 - httpx - INFO - HTTP Request: PATCH https://ehsksxlciaukdbfaaogy.supabase.co/rest/v1/edutech_cards?id=eq.111 "HTTP/2 200 OK"
2025-07-22 15:25:34,801 - httpx - INFO - HTTP Request: PATCH https://ehsksxlciaukdbfaaogy.supabase.co/rest/v1/edutech_cards?id=eq.122 "HTTP/2 200 OK"
2025-07-22 15:25:34,841 - httpx - INFO - HTTP Request: PATCH https://ehsksxlciaukdbfaaogy.supabase.co/rest/v1/edutech_cards?id=eq.126 "HTTP/2 200 OK"
2025-07-22 15:25:34,896 - httpx - INFO - HTTP Request: PATCH https://ehsksxlciaukdbfaaogy.supabase.co/rest/v1/edutech_cards?id=eq.120 "HTTP/2 200 OK"
2025-07-22 15:25:34,945 - httpx - INFO - HTTP Request: PATCH https://ehsksxlciaukdbfaaogy.supabase.co/rest/v1/edutech_cards?id=eq.123 "HTTP/2 200 OK"
2025-07-22 15:25:34,983 - httpx - INFO - HTTP Request: PATCH https://ehsksxlciaukdbfaaogy.supabase.co/rest/v1/edutech_cards?id=eq.121 "HTTP/2 200 OK"
2025-07-22 15:25:35,019 - httpx - INFO - HTTP Request: PATCH https://ehsksxlciaukdbfaaogy.supabase.co/rest/v1/edutech_cards?id=eq.118 "HTTP/2 200 OK"
2025-07-22 15:25:35,074 - httpx - INFO - HTTP Request: PATCH https://ehsksxlciaukdbfaaogy.supabase.co/rest/v1/edutech_cards?id=eq.119 "HTTP/2 200 OK"
2025-07-22 15:25:35,111 - httpx - INFO - HTTP Request: PATCH https://ehsksxlciaukdbfaaogy.supabase.co/rest/v1/edutech_cards?id=eq.117 "HTTP/2 200 OK"
2025-07-22 15:25:35,148 - httpx - INFO - HTTP Request: PATCH https://ehsksxlciaukdbfaaogy.supabase.co/rest/v1/edutech_cards?id=eq.125 "HTTP/2 200 OK"
2025-07-22 15:25:35,183 - httpx - INFO - HTTP Request: PATCH https://ehsksxlciaukdbfaaogy.supabase.co/rest/v1/edutech_cards?id=eq.132 "HTTP/2 200 OK"
2025-07-22 15:25:35,217 - httpx - INFO - HTTP Request: PATCH https://ehsksxlciaukdbfaaogy.supabase.co/rest/v1/edutech_cards?id=eq.133 "HTTP/2 200 OK"
2025-07-22 15:25:35,260 - httpx - INFO - HTTP Request: PATCH https://ehsksxlciaukdbfaaogy.supabase.co/rest/v1/edutech_cards?id=eq.129 "HTTP/2 200 OK"
2025-07-22 15:25:35,306 - httpx - INFO - HTTP Request: PATCH https://ehsksxlciaukdbfaaogy.supabase.co/rest/v1/edutech_cards?id=eq.127 "HTTP/2 200 OK"
2025-07-22 15:25:35,344 - httpx - INFO - HTTP Request: PATCH https://ehsksxlciaukdbfaaogy.supabase.co/rest/v1/edutech_cards?id=eq.136 "HTTP/2 200 OK"
2025-07-22 15:25:35,379 - httpx - INFO - HTTP Request: PATCH https://ehsksxlciaukdbfaaogy.supabase.co/rest/v1/edutech_cards?id=eq.135 "HTTP/2 200 OK"
2025-07-22 15:25:35,433 - httpx - INFO - HTTP Request: PATCH https://ehsksxlciaukdbfaaogy.supabase.co/rest/v1/edutech_cards?id=eq.134 "HTTP/2 200 OK"
2025-07-22 15:25:35,473 - httpx - INFO - HTTP Request: PATCH https://ehsksxlciaukdbfaaogy.supabase.co/rest/v1/edutech_cards?id=eq.131 "HTTP/2 200 OK"
2025-07-22 15:25:35,559 - httpx - INFO - HTTP Request: PATCH https://ehsksxlciaukdbfaaogy.supabase.co/rest/v1/edutech_cards?id=eq.128 "HTTP/2 200 OK"
2025-07-22 15:25:35,597 - httpx - INFO - HTTP Request: PATCH https://ehsksxlciaukdbfaaogy.supabase.co/rest/v1/edutech_cards?id=eq.138 "HTTP/2 200 OK"
2025-07-22 15:25:35,636 - httpx - INFO - HTTP Request: PATCH https://ehsksxlciaukdbfaaogy.supabase.co/rest/v1/edutech_cards?id=eq.140 "HTTP/2 200 OK"
2025-07-22 15:25:35,671 - httpx - INFO - HTTP Request: PATCH https://ehsksxlciaukdbfaaogy.supabase.co/rest/v1/edutech_cards?id=eq.145 "HTTP/2 200 OK"
2025-07-22 15:25:35,704 - httpx - INFO - HTTP Request: PATCH https://ehsksxlciaukdbfaaogy.supabase.co/rest/v1/edutech_cards?id=eq.144 "HTTP/2 200 OK"
2025-07-22 15:25:35,743 - httpx - INFO - HTTP Request: PATCH https://ehsksxlciaukdbfaaogy.supabase.co/rest/v1/edutech_cards?id=eq.141 "HTTP/2 200 OK"
2025-07-22 15:25:35,790 - httpx - INFO - HTTP Request: PATCH https://ehsksxlciaukdbfaaogy.supabase.co/rest/v1/edutech_cards?id=eq.146 "HTTP/2 200 OK"
2025-07-22 15:25:35,832 - httpx - INFO - HTTP Request: PATCH https://ehsksxlciaukdbfaaogy.supabase.co/rest/v1/edutech_cards?id=eq.142 "HTTP/2 200 OK"
2025-07-22 15:25:35,872 - httpx - INFO - HTTP Request: PATCH https://ehsksxlciaukdbfaaogy.supabase.co/rest/v1/edutech_cards?id=eq.139 "HTTP/2 200 OK"
2025-07-22 15:25:35,908 - httpx - INFO - HTTP Request: PATCH https://ehsksxlciaukdbfaaogy.supabase.co/rest/v1/edutech_cards?id=eq.137 "HTTP/2 200 OK"
2025-07-22 15:25:35,949 - httpx - INFO - HTTP Request: PATCH https://ehsksxlciaukdbfaaogy.supabase.co/rest/v1/edutech_cards?id=eq.156 "HTTP/2 200 OK"
2025-07-22 15:25:36,002 - httpx - INFO - HTTP Request: PATCH https://ehsksxlciaukdbfaaogy.supabase.co/rest/v1/edutech_cards?id=eq.155 "HTTP/2 200 OK"
2025-07-22 15:25:36,039 - httpx - INFO - HTTP Request: PATCH https://ehsksxlciaukdbfaaogy.supabase.co/rest/v1/edutech_cards?id=eq.153 "HTTP/2 200 OK"
2025-07-22 15:25:36,079 - httpx - INFO - HTTP Request: PATCH https://ehsksxlciaukdbfaaogy.supabase.co/rest/v1/edutech_cards?id=eq.152 "HTTP/2 200 OK"
2025-07-22 15:25:36,128 - httpx - INFO - HTTP Request: PATCH https://ehsksxlciaukdbfaaogy.supabase.co/rest/v1/edutech_cards?id=eq.149 "HTTP/2 200 OK"
2025-07-22 15:25:36,164 - httpx - INFO - HTTP Request: PATCH https://ehsksxlciaukdbfaaogy.supabase.co/rest/v1/edutech_cards?id=eq.147 "HTTP/2 200 OK"
2025-07-22 15:25:36,240 - httpx - INFO - HTTP Request: PATCH https://ehsksxlciaukdbfaaogy.supabase.co/rest/v1/edutech_cards?id=eq.154 "HTTP/2 200 OK"
2025-07-22 15:25:36,277 - httpx - INFO - HTTP Request: PATCH https://ehsksxlciaukdbfaaogy.supabase.co/rest/v1/edutech_cards?id=eq.150 "HTTP/2 200 OK"
2025-07-22 15:25:36,315 - httpx - INFO - HTTP Request: PATCH https://ehsksxlciaukdbfaaogy.supabase.co/rest/v1/edutech_cards?id=eq.148 "HTTP/2 200 OK"
2025-07-22 15:25:36,354 - httpx - INFO - HTTP Request: PATCH https://ehsksxlciaukdbfaaogy.supabase.co/rest/v1/edutech_cards?id=eq.165 "HTTP/2 200 OK"
2025-07-22 15:25:36,401 - httpx - INFO - HTTP Request: PATCH https://ehsksxlciaukdbfaaogy.supabase.co/rest/v1/edutech_cards?id=eq.164 "HTTP/2 200 OK"
2025-07-22 15:25:36,440 - httpx - INFO - HTTP Request: PATCH https://ehsksxlciaukdbfaaogy.supabase.co/rest/v1/edutech_cards?id=eq.163 "HTTP/2 200 OK"
2025-07-22 15:25:36,482 - httpx - INFO - HTTP Request: PATCH https://ehsksxlciaukdbfaaogy.supabase.co/rest/v1/edutech_cards?id=eq.160 "HTTP/2 200 OK"
2025-07-22 15:25:36,523 - httpx - INFO - HTTP Request: PATCH https://ehsksxlciaukdbfaaogy.supabase.co/rest/v1/edutech_cards?id=eq.159 "HTTP/2 200 OK"
2025-07-22 15:25:36,576 - httpx - INFO - HTTP Request: PATCH https://ehsksxlciaukdbfaaogy.supabase.co/rest/v1/edutech_cards?id=eq.157 "HTTP/2 200 OK"
2025-07-22 15:25:36,615 - httpx - INFO - HTTP Request: PATCH https://ehsksxlciaukdbfaaogy.supabase.co/rest/v1/edutech_cards?id=eq.161 "HTTP/2 200 OK"
2025-07-22 15:25:36,655 - httpx - INFO - HTTP Request: PATCH https://ehsksxlciaukdbfaaogy.supabase.co/rest/v1/edutech_cards?id=eq.158 "HTTP/2 200 OK"
2025-07-22 15:25:36,700 - httpx - INFO - HTTP Request: PATCH https://ehsksxlciaukdbfaaogy.supabase.co/rest/v1/edutech_cards?id=eq.173 "HTTP/2 200 OK"
2025-07-22 15:25:36,739 - httpx - INFO - HTTP Request: PATCH https://ehsksxlciaukdbfaaogy.supabase.co/rest/v1/edutech_cards?id=eq.169 "HTTP/2 200 OK"
2025-07-22 15:25:36,780 - httpx - INFO - HTTP Request: PATCH https://ehsksxlciaukdbfaaogy.supabase.co/rest/v1/edutech_cards?id=eq.167 "HTTP/2 200 OK"
2025-07-22 15:25:36,815 - httpx - INFO - HTTP Request: PATCH https://ehsksxlciaukdbfaaogy.supabase.co/rest/v1/edutech_cards?id=eq.172 "HTTP/2 200 OK"
2025-07-22 15:25:36,859 - httpx - INFO - HTTP Request: PATCH https://ehsksxlciaukdbfaaogy.supabase.co/rest/v1/edutech_cards?id=eq.168 "HTTP/2 200 OK"
2025-07-22 15:25:36,900 - httpx - INFO - HTTP Request: PATCH https://ehsksxlciaukdbfaaogy.supabase.co/rest/v1/edutech_cards?id=eq.178 "HTTP/2 200 OK"
2025-07-22 15:25:36,934 - httpx - INFO - HTTP Request: PATCH https://ehsksxlciaukdbfaaogy.supabase.co/rest/v1/edutech_cards?id=eq.186 "HTTP/2 200 OK"
2025-07-22 15:25:36,971 - httpx - INFO - HTTP Request: PATCH https://ehsksxlciaukdbfaaogy.supabase.co/rest/v1/edutech_cards?id=eq.185 "HTTP/2 200 OK"
2025-07-22 15:25:37,010 - httpx - INFO - HTTP Request: PATCH https://ehsksxlciaukdbfaaogy.supabase.co/rest/v1/edutech_cards?id=eq.184 "HTTP/2 200 OK"
2025-07-22 15:25:37,057 - httpx - INFO - HTTP Request: PATCH https://ehsksxlciaukdbfaaogy.supabase.co/rest/v1/edutech_cards?id=eq.183 "HTTP/2 200 OK"
2025-07-22 15:25:37,093 - httpx - INFO - HTTP Request: PATCH https://ehsksxlciaukdbfaaogy.supabase.co/rest/v1/edutech_cards?id=eq.182 "HTTP/2 200 OK"
2025-07-22 15:25:37,132 - httpx - INFO - HTTP Request: PATCH https://ehsksxlciaukdbfaaogy.supabase.co/rest/v1/edutech_cards?id=eq.181 "HTTP/2 200 OK"
2025-07-22 15:25:37,170 - httpx - INFO - HTTP Request: PATCH https://ehsksxlciaukdbfaaogy.supabase.co/rest/v1/edutech_cards?id=eq.180 "HTTP/2 200 OK"
2025-07-22 15:25:37,217 - httpx - INFO - HTTP Request: PATCH https://ehsksxlciaukdbfaaogy.supabase.co/rest/v1/edutech_cards?id=eq.179 "HTTP/2 200 OK"
2025-07-22 15:25:37,259 - httpx - INFO - HTTP Request: PATCH https://ehsksxlciaukdbfaaogy.supabase.co/rest/v1/edutech_cards?id=eq.177 "HTTP/2 200 OK"
2025-07-22 15:25:37,296 - httpx - INFO - HTTP Request: PATCH https://ehsksxlciaukdbfaaogy.supabase.co/rest/v1/edutech_cards?id=eq.187 "HTTP/2 200 OK"
2025-07-22 15:25:37,334 - httpx - INFO - HTTP Request: PATCH https://ehsksxlciaukdbfaaogy.supabase.co/rest/v1/edutech_cards?id=eq.205 "HTTP/2 200 OK"
2025-07-22 15:25:37,372 - httpx - INFO - HTTP Request: PATCH https://ehsksxlciaukdbfaaogy.supabase.co/rest/v1/edutech_cards?id=eq.196 "HTTP/2 200 OK"
2025-07-22 15:25:37,412 - httpx - INFO - HTTP Request: PATCH https://ehsksxlciaukdbfaaogy.supabase.co/rest/v1/edutech_cards?id=eq.195 "HTTP/2 200 OK"
2025-07-22 15:25:37,450 - httpx - INFO - HTTP Request: PATCH https://ehsksxlciaukdbfaaogy.supabase.co/rest/v1/edutech_cards?id=eq.193 "HTTP/2 200 OK"
2025-07-22 15:25:37,488 - httpx - INFO - HTTP Request: PATCH https://ehsksxlciaukdbfaaogy.supabase.co/rest/v1/edutech_cards?id=eq.192 "HTTP/2 200 OK"
2025-07-22 15:25:37,529 - httpx - INFO - HTTP Request: PATCH https://ehsksxlciaukdbfaaogy.supabase.co/rest/v1/edutech_cards?id=eq.191 "HTTP/2 200 OK"
2025-07-22 15:25:37,566 - httpx - INFO - HTTP Request: PATCH https://ehsksxlciaukdbfaaogy.supabase.co/rest/v1/edutech_cards?id=eq.189 "HTTP/2 200 OK"
2025-07-22 15:25:37,610 - httpx - INFO - HTTP Request: PATCH https://ehsksxlciaukdbfaaogy.supabase.co/rest/v1/edutech_cards?id=eq.188 "HTTP/2 200 OK"
2025-07-22 15:25:37,652 - httpx - INFO - HTTP Request: PATCH https://ehsksxlciaukdbfaaogy.supabase.co/rest/v1/edutech_cards?id=eq.194 "HTTP/2 200 OK"
2025-07-22 15:25:37,689 - httpx - INFO - HTTP Request: PATCH https://ehsksxlciaukdbfaaogy.supabase.co/rest/v1/edutech_cards?id=eq.190 "HTTP/2 200 OK"
2025-07-22 15:25:37,726 - httpx - INFO - HTTP Request: PATCH https://ehsksxlciaukdbfaaogy.supabase.co/rest/v1/edutech_cards?id=eq.201 "HTTP/2 200 OK"
2025-07-22 15:25:37,762 - httpx - INFO - HTTP Request: PATCH https://ehsksxlciaukdbfaaogy.supabase.co/rest/v1/edutech_cards?id=eq.199 "HTTP/2 200 OK"
2025-07-22 15:25:37,806 - httpx - INFO - HTTP Request: PATCH https://ehsksxlciaukdbfaaogy.supabase.co/rest/v1/edutech_cards?id=eq.203 "HTTP/2 200 OK"
2025-07-22 15:25:37,841 - httpx - INFO - HTTP Request: PATCH https://ehsksxlciaukdbfaaogy.supabase.co/rest/v1/edutech_cards?id=eq.200 "HTTP/2 200 OK"
2025-07-22 15:25:37,887 - httpx - INFO - HTTP Request: PATCH https://ehsksxlciaukdbfaaogy.supabase.co/rest/v1/edutech_cards?id=eq.198 "HTTP/2 200 OK"
2025-07-22 15:25:37,919 - httpx - INFO - HTTP Request: PATCH https://ehsksxlciaukdbfaaogy.supabase.co/rest/v1/edutech_cards?id=eq.197 "HTTP/2 200 OK"
2025-07-22 15:25:37,955 - httpx - INFO - HTTP Request: PATCH https://ehsksxlciaukdbfaaogy.supabase.co/rest/v1/edutech_cards?id=eq.202 "HTTP/2 200 OK"
2025-07-22 15:25:37,999 - httpx - INFO - HTTP Request: PATCH https://ehsksxlciaukdbfaaogy.supabase.co/rest/v1/edutech_cards?id=eq.206 "HTTP/2 200 OK"
2025-07-22 15:25:38,001 - werkzeug - INFO - 127.0.0.1 - - [22/Jul/2025 15:25:38] "POST /api/cards/reorder HTTP/1.1" 200 -
=== API /api/cards GET 요청 받음 ===
검색 조건 - search: '', category: '', subject: ''
데이터베이스 쿼리 실행 중...
2025-07-22 15:25:39,618 - httpx - INFO - HTTP Request: GET https://ehsksxlciaukdbfaaogy.supabase.co/rest/v1/edutech_cards?select=%2A&view=eq.1&order=sort_order.asc%2Ccreated_at.desc "HTTP/2 200 OK"
조회된 카드 수: 188
첫 번째 카드: 클로바노트
2025-07-22 15:25:39,624 - werkzeug - INFO - 127.0.0.1 - - [22/Jul/2025 15:25:39] "GET /api/cards HTTP/1.1" 200 -
2025-07-22 15:25:40,915 - werkzeug - INFO - 127.0.0.1 - - [22/Jul/2025 15:25:40] "GET / HTTP/1.1" 200 -
2025-07-22 15:25:40,962 - werkzeug - INFO - 127.0.0.1 - - [22/Jul/2025 15:25:40] "[36mGET /static/js/view.js HTTP/1.1[0m" 304 -
2025-07-22 15:25:40,964 - werkzeug - INFO - 127.0.0.1 - - [22/Jul/2025 15:25:40] "[36mGET /static/css/style.css HTTP/1.1[0m" 304 -
=== API /api/cards GET 요청 받음 ===
검색 조건 - search: '', category: '', subject: ''
데이터베이스 쿼리 실행 중...
2025-07-22 15:25:41,054 - httpx - INFO - HTTP Request: GET https://ehsksxlciaukdbfaaogy.supabase.co/rest/v1/edutech_cards?select=%2A&view=eq.1&order=sort_order.asc%2Ccreated_at.desc "HTTP/2 200 OK"
조회된 카드 수: 188
첫 번째 카드: 클로바노트
2025-07-22 15:25:41,059 - werkzeug - INFO - 127.0.0.1 - - [22/Jul/2025 15:25:41] "GET /api/cards HTTP/1.1" 200 -
2025-07-22 15:25:59,073 - werkzeug - INFO - 127.0.0.1 - - [22/Jul/2025 15:25:59] "GET / HTTP/1.1" 200 -
2025-07-22 15:25:59,124 - werkzeug - INFO - 127.0.0.1 - - [22/Jul/2025 15:25:59] "[36mGET /static/css/style.css HTTP/1.1[0m" 304 -
2025-07-22 15:25:59,124 - werkzeug - INFO - 127.0.0.1 - - [22/Jul/2025 15:25:59] "[36mGET /static/js/view.js HTTP/1.1[0m" 304 -
=== API /api/cards GET 요청 받음 ===
검색 조건 - search: '', category: '', subject: ''
데이터베이스 쿼리 실행 중...
2025-07-22 15:25:59,257 - httpx - INFO - HTTP Request: GET https://ehsksxlciaukdbfaaogy.supabase.co/rest/v1/edutech_cards?select=%2A&view=eq.1&order=sort_order.asc%2Ccreated_at.desc "HTTP/2 200 OK"
조회된 카드 수: 188
첫 번째 카드: 클로바노트
2025-07-22 15:25:59,266 - werkzeug - INFO - 127.0.0.1 - - [22/Jul/2025 15:25:59] "GET /api/cards HTTP/1.1" 200 -
2025-07-22 15:26:09,763 - werkzeug - INFO - 127.0.0.1 - - [22/Jul/2025 15:26:09] "GET /admin HTTP/1.1" 200 -
2025-07-22 15:26:09,818 - werkzeug - INFO - 127.0.0.1 - - [22/Jul/2025 15:26:09] "[36mGET /static/css/style.css HTTP/1.1[0m" 304 -
2025-07-22 15:26:09,818 - werkzeug - INFO - 127.0.0.1 - - [22/Jul/2025 15:26:09] "[36mGET /static/js/admin.js HTTP/1.1[0m" 304 -
=== API /api/cards GET 요청 받음 ===
검색 조건 - search: '', category: '', subject: ''
데이터베이스 쿼리 실행 중...
2025-07-22 15:26:10,012 - httpx - INFO - HTTP Request: GET https://ehsksxlciaukdbfaaogy.supabase.co/rest/v1/edutech_cards?select=%2A&view=eq.1&order=sort_order.asc%2Ccreated_at.desc "HTTP/2 200 OK"
조회된 카드 수: 188
첫 번째 카드: 클로바노트
2025-07-22 15:26:10,017 - werkzeug - INFO - 127.0.0.1 - - [22/Jul/2025 15:26:10] "GET /api/cards HTTP/1.1" 200 -
2025-07-22 15:26:20,497 - httpx - INFO - HTTP Request: PATCH https://ehsksxlciaukdbfaaogy.supabase.co/rest/v1/edutech_cards?id=eq.12 "HTTP/2 200 OK"
2025-07-22 15:26:20,550 - httpx - INFO - HTTP Request: PATCH https://ehsksxlciaukdbfaaogy.supabase.co/rest/v1/edutech_cards?id=eq.1 "HTTP/2 200 OK"
2025-07-22 15:26:20,602 - httpx - INFO - HTTP Request: PATCH https://ehsksxlciaukdbfaaogy.supabase.co/rest/v1/edutech_cards?id=eq.11 "HTTP/2 200 OK"
2025-07-22 15:26:20,718 - httpx - INFO - HTTP Request: PATCH https://ehsksxlciaukdbfaaogy.supabase.co/rest/v1/edutech_cards?id=eq.7 "HTTP/2 200 OK"
2025-07-22 15:26:20,770 - httpx - INFO - HTTP Request: PATCH https://ehsksxlciaukdbfaaogy.supabase.co/rest/v1/edutech_cards?id=eq.6 "HTTP/2 200 OK"
2025-07-22 15:26:20,814 - httpx - INFO - HTTP Request: PATCH https://ehsksxlciaukdbfaaogy.supabase.co/rest/v1/edutech_cards?id=eq.23 "HTTP/2 200 OK"
2025-07-22 15:26:20,865 - httpx - INFO - HTTP Request: PATCH https://ehsksxlciaukdbfaaogy.supabase.co/rest/v1/edutech_cards?id=eq.4 "HTTP/2 200 OK"
2025-07-22 15:26:20,925 - httpx - INFO - HTTP Request: PATCH https://ehsksxlciaukdbfaaogy.supabase.co/rest/v1/edutech_cards?id=eq.8 "HTTP/2 200 OK"
2025-07-22 15:26:20,970 - httpx - INFO - HTTP Request: PATCH https://ehsksxlciaukdbfaaogy.supabase.co/rest/v1/edutech_cards?id=eq.9 "HTTP/2 200 OK"
2025-07-22 15:26:21,019 - httpx - INFO - HTTP Request: PATCH https://ehsksxlciaukdbfaaogy.supabase.co/rest/v1/edutech_cards?id=eq.17 "HTTP/2 200 OK"
2025-07-22 15:26:21,066 - httpx - INFO - HTTP Request: PATCH https://ehsksxlciaukdbfaaogy.supabase.co/rest/v1/edutech_cards?id=eq.19 "HTTP/2 200 OK"
2025-07-22 15:26:21,107 - httpx - INFO - HTTP Request: PATCH https://ehsksxlciaukdbfaaogy.supabase.co/rest/v1/edutech_cards?id=eq.20 "HTTP/2 200 OK"
2025-07-22 15:26:21,146 - httpx - INFO - HTTP Request: PATCH https://ehsksxlciaukdbfaaogy.supabase.co/rest/v1/edutech_cards?id=eq.5 "HTTP/2 200 OK"
2025-07-22 15:26:21,181 - httpx - INFO - HTTP Request: PATCH https://ehsksxlciaukdbfaaogy.supabase.co/rest/v1/edutech_cards?id=eq.15 "HTTP/2 200 OK"
2025-07-22 15:26:21,223 - httpx - INFO - HTTP Request: PATCH https://ehsksxlciaukdbfaaogy.supabase.co/rest/v1/edutech_cards?id=eq.10 "HTTP/2 200 OK"
2025-07-22 15:26:21,260 - httpx - INFO - HTTP Request: PATCH https://ehsksxlciaukdbfaaogy.supabase.co/rest/v1/edutech_cards?id=eq.13 "HTTP/2 200 OK"
2025-07-22 15:26:22,019 - httpx - INFO - HTTP Request: PATCH https://ehsksxlciaukdbfaaogy.supabase.co/rest/v1/edutech_cards?id=eq.16 "HTTP/2 200 OK"
2025-07-22 15:26:22,061 - httpx - INFO - HTTP Request: PATCH https://ehsksxlciaukdbfaaogy.supabase.co/rest/v1/edutech_cards?id=eq.18 "HTTP/2 200 OK"
2025-07-22 15:26:22,103 - httpx - INFO - HTTP Request: PATCH https://ehsksxlciaukdbfaaogy.supabase.co/rest/v1/edutech_cards?id=eq.21 "HTTP/2 200 OK"
2025-07-22 15:26:22,156 - httpx - INFO - HTTP Request: PATCH https://ehsksxlciaukdbfaaogy.supabase.co/rest/v1/edutech_cards?id=eq.22 "HTTP/2 200 OK"
2025-07-22 15:26:22,196 - httpx - INFO - HTTP Request: PATCH https://ehsksxlciaukdbfaaogy.supabase.co/rest/v1/edutech_cards?id=eq.14 "HTTP/2 200 OK"
2025-07-22 15:26:22,237 - httpx - INFO - HTTP Request: PATCH https://ehsksxlciaukdbfaaogy.supabase.co/rest/v1/edutech_cards?id=eq.27 "HTTP/2 200 OK"
2025-07-22 15:26:22,280 - httpx - INFO - HTTP Request: PATCH https://ehsksxlciaukdbfaaogy.supabase.co/rest/v1/edutech_cards?id=eq.40 "HTTP/2 200 OK"
2025-07-22 15:26:22,318 - httpx - INFO - HTTP Request: PATCH https://ehsksxlciaukdbfaaogy.supabase.co/rest/v1/edutech_cards?id=eq.25 "HTTP/2 200 OK"
2025-07-22 15:26:22,365 - httpx - INFO - HTTP Request: PATCH https://ehsksxlciaukdbfaaogy.supabase.co/rest/v1/edutech_cards?id=eq.33 "HTTP/2 200 OK"
2025-07-22 15:26:22,404 - httpx - INFO - HTTP Request: PATCH https://ehsksxlciaukdbfaaogy.supabase.co/rest/v1/edutech_cards?id=eq.35 "HTTP/2 200 OK"
2025-07-22 15:26:22,456 - httpx - INFO - HTTP Request: PATCH https://ehsksxlciaukdbfaaogy.supabase.co/rest/v1/edutech_cards?id=eq.37 "HTTP/2 200 OK"
2025-07-22 15:26:22,496 - httpx - INFO - HTTP Request: PATCH https://ehsksxlciaukdbfaaogy.supabase.co/rest/v1/edutech_cards?id=eq.39 "HTTP/2 200 OK"
2025-07-22 15:26:22,533 - httpx - INFO - HTTP Request: PATCH https://ehsksxlciaukdbfaaogy.supabase.co/rest/v1/edutech_cards?id=eq.42 "HTTP/2 200 OK"
2025-07-22 15:26:22,576 - httpx - INFO - HTTP Request: PATCH https://ehsksxlciaukdbfaaogy.supabase.co/rest/v1/edutech_cards?id=eq.28 "HTTP/2 200 OK"
2025-07-22 15:26:22,613 - httpx - INFO - HTTP Request: PATCH https://ehsksxlciaukdbfaaogy.supabase.co/rest/v1/edutech_cards?id=eq.30 "HTTP/2 200 OK"
2025-07-22 15:26:22,652 - httpx - INFO - HTTP Request: PATCH https://ehsksxlciaukdbfaaogy.supabase.co/rest/v1/edutech_cards?id=eq.34 "HTTP/2 200 OK"
2025-07-22 15:26:22,697 - httpx - INFO - HTTP Request: PATCH https://ehsksxlciaukdbfaaogy.supabase.co/rest/v1/edutech_cards?id=eq.36 "HTTP/2 200 OK"
2025-07-22 15:26:22,738 - httpx - INFO - HTTP Request: PATCH https://ehsksxlciaukdbfaaogy.supabase.co/rest/v1/edutech_cards?id=eq.38 "HTTP/2 200 OK"
2025-07-22 15:26:22,785 - httpx - INFO - HTTP Request: PATCH https://ehsksxlciaukdbfaaogy.supabase.co/rest/v1/edutech_cards?id=eq.41 "HTTP/2 200 OK"
2025-07-22 15:26:22,827 - httpx - INFO - HTTP Request: PATCH https://ehsksxlciaukdbfaaogy.supabase.co/rest/v1/edutech_cards?id=eq.24 "HTTP/2 200 OK"
2025-07-22 15:26:22,868 - httpx - INFO - HTTP Request: PATCH https://ehsksxlciaukdbfaaogy.supabase.co/rest/v1/edutech_cards?id=eq.26 "HTTP/2 200 OK"
2025-07-22 15:26:22,911 - httpx - INFO - HTTP Request: PATCH https://ehsksxlciaukdbfaaogy.supabase.co/rest/v1/edutech_cards?id=eq.32 "HTTP/2 200 OK"
2025-07-22 15:26:22,956 - httpx - INFO - HTTP Request: PATCH https://ehsksxlciaukdbfaaogy.supabase.co/rest/v1/edutech_cards?id=eq.44 "HTTP/2 200 OK"
2025-07-22 15:26:23,000 - httpx - INFO - HTTP Request: PATCH https://ehsksxlciaukdbfaaogy.supabase.co/rest/v1/edutech_cards?id=eq.46 "HTTP/2 200 OK"
2025-07-22 15:26:23,037 - httpx - INFO - HTTP Request: PATCH https://ehsksxlciaukdbfaaogy.supabase.co/rest/v1/edutech_cards?id=eq.45 "HTTP/2 200 OK"
2025-07-22 15:26:23,078 - httpx - INFO - HTTP Request: PATCH https://ehsksxlciaukdbfaaogy.supabase.co/rest/v1/edutech_cards?id=eq.57 "HTTP/2 200 OK"
2025-07-22 15:26:23,128 - httpx - INFO - HTTP Request: PATCH https://ehsksxlciaukdbfaaogy.supabase.co/rest/v1/edutech_cards?id=eq.50 "HTTP/2 200 OK"
2025-07-22 15:26:23,170 - httpx - INFO - HTTP Request: PATCH https://ehsksxlciaukdbfaaogy.supabase.co/rest/v1/edutech_cards?id=eq.51 "HTTP/2 200 OK"
2025-07-22 15:26:23,210 - httpx - INFO - HTTP Request: PATCH https://ehsksxlciaukdbfaaogy.supabase.co/rest/v1/edutech_cards?id=eq.53 "HTTP/2 200 OK"
2025-07-22 15:26:23,249 - httpx - INFO - HTTP Request: PATCH https://ehsksxlciaukdbfaaogy.supabase.co/rest/v1/edutech_cards?id=eq.54 "HTTP/2 200 OK"
2025-07-22 15:26:23,286 - httpx - INFO - HTTP Request: PATCH https://ehsksxlciaukdbfaaogy.supabase.co/rest/v1/edutech_cards?id=eq.59 "HTTP/2 200 OK"
2025-07-22 15:26:23,330 - httpx - INFO - HTTP Request: PATCH https://ehsksxlciaukdbfaaogy.supabase.co/rest/v1/edutech_cards?id=eq.60 "HTTP/2 200 OK"
2025-07-22 15:26:23,371 - httpx - INFO - HTTP Request: PATCH https://ehsksxlciaukdbfaaogy.supabase.co/rest/v1/edutech_cards?id=eq.62 "HTTP/2 200 OK"
2025-07-22 15:26:23,416 - httpx - INFO - HTTP Request: PATCH https://ehsksxlciaukdbfaaogy.supabase.co/rest/v1/edutech_cards?id=eq.48 "HTTP/2 200 OK"
2025-07-22 15:26:23,462 - httpx - INFO - HTTP Request: PATCH https://ehsksxlciaukdbfaaogy.supabase.co/rest/v1/edutech_cards?id=eq.49 "HTTP/2 200 OK"
2025-07-22 15:26:23,505 - httpx - INFO - HTTP Request: PATCH https://ehsksxlciaukdbfaaogy.supabase.co/rest/v1/edutech_cards?id=eq.61 "HTTP/2 200 OK"
2025-07-22 15:26:23,547 - httpx - INFO - HTTP Request: PATCH https://ehsksxlciaukdbfaaogy.supabase.co/rest/v1/edutech_cards?id=eq.47 "HTTP/2 200 OK"
2025-07-22 15:26:23,596 - httpx - INFO - HTTP Request: PATCH https://ehsksxlciaukdbfaaogy.supabase.co/rest/v1/edutech_cards?id=eq.55 "HTTP/2 200 OK"
2025-07-22 15:26:23,646 - httpx - INFO - HTTP Request: PATCH https://ehsksxlciaukdbfaaogy.supabase.co/rest/v1/edutech_cards?id=eq.58 "HTTP/2 200 OK"
2025-07-22 15:26:23,700 - httpx - INFO - HTTP Request: PATCH https://ehsksxlciaukdbfaaogy.supabase.co/rest/v1/edutech_cards?id=eq.63 "HTTP/2 200 OK"
2025-07-22 15:26:23,745 - httpx - INFO - HTTP Request: PATCH https://ehsksxlciaukdbfaaogy.supabase.co/rest/v1/edutech_cards?id=eq.52 "HTTP/2 200 OK"
2025-07-22 15:26:23,799 - httpx - INFO - HTTP Request: PATCH https://ehsksxlciaukdbfaaogy.supabase.co/rest/v1/edutech_cards?id=eq.65 "HTTP/2 200 OK"
2025-07-22 15:26:23,847 - httpx - INFO - HTTP Request: PATCH https://ehsksxlciaukdbfaaogy.supabase.co/rest/v1/edutech_cards?id=eq.66 "HTTP/2 200 OK"
2025-07-22 15:26:23,888 - httpx - INFO - HTTP Request: PATCH https://ehsksxlciaukdbfaaogy.supabase.co/rest/v1/edutech_cards?id=eq.69 "HTTP/2 200 OK"
2025-07-22 15:26:23,936 - httpx - INFO - HTTP Request: PATCH https://ehsksxlciaukdbfaaogy.supabase.co/rest/v1/edutech_cards?id=eq.71 "HTTP/2 200 OK"
2025-07-22 15:26:23,993 - httpx - INFO - HTTP Request: PATCH https://ehsksxlciaukdbfaaogy.supabase.co/rest/v1/edutech_cards?id=eq.67 "HTTP/2 200 OK"
2025-07-22 15:26:24,049 - httpx - INFO - HTTP Request: PATCH https://ehsksxlciaukdbfaaogy.supabase.co/rest/v1/edutech_cards?id=eq.72 "HTTP/2 200 OK"
2025-07-22 15:26:24,091 - httpx - INFO - HTTP Request: PATCH https://ehsksxlciaukdbfaaogy.supabase.co/rest/v1/edutech_cards?id=eq.74 "HTTP/2 200 OK"
2025-07-22 15:26:24,148 - httpx - INFO - HTTP Request: PATCH https://ehsksxlciaukdbfaaogy.supabase.co/rest/v1/edutech_cards?id=eq.75 "HTTP/2 200 OK"
2025-07-22 15:26:24,189 - httpx - INFO - HTTP Request: PATCH https://ehsksxlciaukdbfaaogy.supabase.co/rest/v1/edutech_cards?id=eq.29 "HTTP/2 200 OK"
2025-07-22 15:26:24,241 - httpx - INFO - HTTP Request: PATCH https://ehsksxlciaukdbfaaogy.supabase.co/rest/v1/edutech_cards?id=eq.73 "HTTP/2 200 OK"
2025-07-22 15:26:24,285 - httpx - INFO - HTTP Request: PATCH https://ehsksxlciaukdbfaaogy.supabase.co/rest/v1/edutech_cards?id=eq.56 "HTTP/2 200 OK"
2025-07-22 15:26:24,345 - httpx - INFO - HTTP Request: PATCH https://ehsksxlciaukdbfaaogy.supabase.co/rest/v1/edutech_cards?id=eq.76 "HTTP/2 200 OK"
2025-07-22 15:26:24,392 - httpx - INFO - HTTP Request: PATCH https://ehsksxlciaukdbfaaogy.supabase.co/rest/v1/edutech_cards?id=eq.77 "HTTP/2 200 OK"
2025-07-22 15:26:24,435 - httpx - INFO - HTTP Request: PATCH https://ehsksxlciaukdbfaaogy.supabase.co/rest/v1/edutech_cards?id=eq.78 "HTTP/2 200 OK"
2025-07-22 15:26:24,490 - httpx - INFO - HTTP Request: PATCH https://ehsksxlciaukdbfaaogy.supabase.co/rest/v1/edutech_cards?id=eq.79 "HTTP/2 200 OK"
2025-07-22 15:26:24,542 - httpx - INFO - HTTP Request: PATCH https://ehsksxlciaukdbfaaogy.supabase.co/rest/v1/edutech_cards?id=eq.80 "HTTP/2 200 OK"
2025-07-22 15:26:24,596 - httpx - INFO - HTTP Request: PATCH https://ehsksxlciaukdbfaaogy.supabase.co/rest/v1/edutech_cards?id=eq.81 "HTTP/2 200 OK"
2025-07-22 15:26:24,642 - httpx - INFO - HTTP Request: PATCH https://ehsksxlciaukdbfaaogy.supabase.co/rest/v1/edutech_cards?id=eq.82 "HTTP/2 200 OK"
2025-07-22 15:26:24,687 - httpx - INFO - HTTP Request: PATCH https://ehsksxlciaukdbfaaogy.supabase.co/rest/v1/edutech_cards?id=eq.83 "HTTP/2 200 OK"
2025-07-22 15:26:24,733 - httpx - INFO - HTTP Request: PATCH https://ehsksxlciaukdbfaaogy.supabase.co/rest/v1/edutech_cards?id=eq.64 "HTTP/2 200 OK"
2025-07-22 15:26:24,776 - httpx - INFO - HTTP Request: PATCH https://ehsksxlciaukdbfaaogy.supabase.co/rest/v1/edutech_cards?id=eq.70 "HTTP/2 200 OK"
2025-07-22 15:26:24,824 - httpx - INFO - HTTP Request: PATCH https://ehsksxlciaukdbfaaogy.supabase.co/rest/v1/edutech_cards?id=eq.84 "HTTP/2 200 OK"
2025-07-22 15:26:24,874 - httpx - INFO - HTTP Request: PATCH https://ehsksxlciaukdbfaaogy.supabase.co/rest/v1/edutech_cards?id=eq.85 "HTTP/2 200 OK"
2025-07-22 15:26:24,914 - httpx - INFO - HTTP Request: PATCH https://ehsksxlciaukdbfaaogy.supabase.co/rest/v1/edutech_cards?id=eq.87 "HTTP/2 200 OK"
2025-07-22 15:26:24,954 - httpx - INFO - HTTP Request: PATCH https://ehsksxlciaukdbfaaogy.supabase.co/rest/v1/edutech_cards?id=eq.88 "HTTP/2 200 OK"
2025-07-22 15:26:25,015 - httpx - INFO - HTTP Request: PATCH https://ehsksxlciaukdbfaaogy.supabase.co/rest/v1/edutech_cards?id=eq.89 "HTTP/2 200 OK"
2025-07-22 15:26:25,070 - httpx - INFO - HTTP Request: PATCH https://ehsksxlciaukdbfaaogy.supabase.co/rest/v1/edutech_cards?id=eq.90 "HTTP/2 200 OK"
2025-07-22 15:26:25,116 - httpx - INFO - HTTP Request: PATCH https://ehsksxlciaukdbfaaogy.supabase.co/rest/v1/edutech_cards?id=eq.91 "HTTP/2 200 OK"
2025-07-22 15:26:25,159 - httpx - INFO - HTTP Request: PATCH https://ehsksxlciaukdbfaaogy.supabase.co/rest/v1/edutech_cards?id=eq.92 "HTTP/2 200 OK"
2025-07-22 15:26:25,205 - httpx - INFO - HTTP Request: PATCH https://ehsksxlciaukdbfaaogy.supabase.co/rest/v1/edutech_cards?id=eq.93 "HTTP/2 200 OK"
2025-07-22 15:26:25,247 - httpx - INFO - HTTP Request: PATCH https://ehsksxlciaukdbfaaogy.supabase.co/rest/v1/edutech_cards?id=eq.94 "HTTP/2 200 OK"
2025-07-22 15:26:25,295 - httpx - INFO - HTTP Request: PATCH https://ehsksxlciaukdbfaaogy.supabase.co/rest/v1/edutech_cards?id=eq.95 "HTTP/2 200 OK"
2025-07-22 15:26:25,335 - httpx - INFO - HTTP Request: PATCH https://ehsksxlciaukdbfaaogy.supabase.co/rest/v1/edutech_cards?id=eq.96 "HTTP/2 200 OK"
2025-07-22 15:26:25,375 - httpx - INFO - HTTP Request: PATCH https://ehsksxlciaukdbfaaogy.supabase.co/rest/v1/edutech_cards?id=eq.98 "HTTP/2 200 OK"
2025-07-22 15:26:25,421 - httpx - INFO - HTTP Request: PATCH https://ehsksxlciaukdbfaaogy.supabase.co/rest/v1/edutech_cards?id=eq.103 "HTTP/2 200 OK"
2025-07-22 15:26:25,459 - httpx - INFO - HTTP Request: PATCH https://ehsksxlciaukdbfaaogy.supabase.co/rest/v1/edutech_cards?id=eq.104 "HTTP/2 200 OK"
2025-07-22 15:26:25,512 - httpx - INFO - HTTP Request: PATCH https://ehsksxlciaukdbfaaogy.supabase.co/rest/v1/edutech_cards?id=eq.105 "HTTP/2 200 OK"
2025-07-22 15:26:25,551 - httpx - INFO - HTTP Request: PATCH https://ehsksxlciaukdbfaaogy.supabase.co/rest/v1/edutech_cards?id=eq.97 "HTTP/2 200 OK"
2025-07-22 15:26:25,614 - httpx - INFO - HTTP Request: PATCH https://ehsksxlciaukdbfaaogy.supabase.co/rest/v1/edutech_cards?id=eq.99 "HTTP/2 200 OK"
2025-07-22 15:26:25,660 - httpx - INFO - HTTP Request: PATCH https://ehsksxlciaukdbfaaogy.supabase.co/rest/v1/edutech_cards?id=eq.100 "HTTP/2 200 OK"
2025-07-22 15:26:25,719 - httpx - INFO - HTTP Request: PATCH https://ehsksxlciaukdbfaaogy.supabase.co/rest/v1/edutech_cards?id=eq.101 "HTTP/2 200 OK"
2025-07-22 15:26:25,795 - httpx - INFO - HTTP Request: PATCH https://ehsksxlciaukdbfaaogy.supabase.co/rest/v1/edutech_cards?id=eq.102 "HTTP/2 200 OK"
2025-07-22 15:26:25,841 - httpx - INFO - HTTP Request: PATCH https://ehsksxlciaukdbfaaogy.supabase.co/rest/v1/edutech_cards?id=eq.106 "HTTP/2 200 OK"
2025-07-22 15:26:25,905 - httpx - INFO - HTTP Request: PATCH https://ehsksxlciaukdbfaaogy.supabase.co/rest/v1/edutech_cards?id=eq.114 "HTTP/2 200 OK"
2025-07-22 15:26:25,947 - httpx - INFO - HTTP Request: PATCH https://ehsksxlciaukdbfaaogy.supabase.co/rest/v1/edutech_cards?id=eq.109 "HTTP/2 200 OK"
2025-07-22 15:26:25,991 - httpx - INFO - HTTP Request: PATCH https://ehsksxlciaukdbfaaogy.supabase.co/rest/v1/edutech_cards?id=eq.108 "HTTP/2 200 OK"
2025-07-22 15:26:26,038 - httpx - INFO - HTTP Request: PATCH https://ehsksxlciaukdbfaaogy.supabase.co/rest/v1/edutech_cards?id=eq.113 "HTTP/2 200 OK"
2025-07-22 15:26:26,041 - httpx - INFO - HTTP Request: PATCH https://ehsksxlciaukdbfaaogy.supabase.co/rest/v1/edutech_cards?id=eq.12 "HTTP/2 200 OK"
2025-07-22 15:26:26,097 - httpx - INFO - HTTP Request: PATCH https://ehsksxlciaukdbfaaogy.supabase.co/rest/v1/edutech_cards?id=eq.112 "HTTP/2 200 OK"
2025-07-22 15:26:26,097 - httpx - INFO - HTTP Request: PATCH https://ehsksxlciaukdbfaaogy.supabase.co/rest/v1/edutech_cards?id=eq.1 "HTTP/2 200 OK"
2025-07-22 15:26:26,139 - httpx - INFO - HTTP Request: PATCH https://ehsksxlciaukdbfaaogy.supabase.co/rest/v1/edutech_cards?id=eq.115 "HTTP/2 200 OK"
2025-07-22 15:26:26,141 - httpx - INFO - HTTP Request: PATCH https://ehsksxlciaukdbfaaogy.supabase.co/rest/v1/edutech_cards?id=eq.11 "HTTP/2 200 OK"
2025-07-22 15:26:26,181 - httpx - INFO - HTTP Request: PATCH https://ehsksxlciaukdbfaaogy.supabase.co/rest/v1/edutech_cards?id=eq.107 "HTTP/2 200 OK"
2025-07-22 15:26:26,185 - httpx - INFO - HTTP Request: PATCH https://ehsksxlciaukdbfaaogy.supabase.co/rest/v1/edutech_cards?id=eq.7 "HTTP/2 200 OK"
2025-07-22 15:26:26,221 - httpx - INFO - HTTP Request: PATCH https://ehsksxlciaukdbfaaogy.supabase.co/rest/v1/edutech_cards?id=eq.110 "HTTP/2 200 OK"
2025-07-22 15:26:26,240 - httpx - INFO - HTTP Request: PATCH https://ehsksxlciaukdbfaaogy.supabase.co/rest/v1/edutech_cards?id=eq.6 "HTTP/2 200 OK"
2025-07-22 15:26:26,272 - httpx - INFO - HTTP Request: PATCH https://ehsksxlciaukdbfaaogy.supabase.co/rest/v1/edutech_cards?id=eq.116 "HTTP/2 200 OK"
2025-07-22 15:26:26,311 - httpx - INFO - HTTP Request: PATCH https://ehsksxlciaukdbfaaogy.supabase.co/rest/v1/edutech_cards?id=eq.23 "HTTP/2 200 OK"
2025-07-22 15:26:26,322 - httpx - INFO - HTTP Request: PATCH https://ehsksxlciaukdbfaaogy.supabase.co/rest/v1/edutech_cards?id=eq.111 "HTTP/2 200 OK"
2025-07-22 15:26:26,365 - httpx - INFO - HTTP Request: PATCH https://ehsksxlciaukdbfaaogy.supabase.co/rest/v1/edutech_cards?id=eq.4 "HTTP/2 200 OK"
2025-07-22 15:26:26,365 - httpx - INFO - HTTP Request: PATCH https://ehsksxlciaukdbfaaogy.supabase.co/rest/v1/edutech_cards?id=eq.122 "HTTP/2 200 OK"
2025-07-22 15:26:26,409 - httpx - INFO - HTTP Request: PATCH https://ehsksxlciaukdbfaaogy.supabase.co/rest/v1/edutech_cards?id=eq.8 "HTTP/2 200 OK"
2025-07-22 15:26:26,415 - httpx - INFO - HTTP Request: PATCH https://ehsksxlciaukdbfaaogy.supabase.co/rest/v1/edutech_cards?id=eq.126 "HTTP/2 200 OK"
2025-07-22 15:26:26,475 - httpx - INFO - HTTP Request: PATCH https://ehsksxlciaukdbfaaogy.supabase.co/rest/v1/edutech_cards?id=eq.9 "HTTP/2 200 OK"
2025-07-22 15:26:26,508 - httpx - INFO - HTTP Request: PATCH https://ehsksxlciaukdbfaaogy.supabase.co/rest/v1/edutech_cards?id=eq.120 "HTTP/2 200 OK"
2025-07-22 15:26:26,524 - httpx - INFO - HTTP Request: PATCH https://ehsksxlciaukdbfaaogy.supabase.co/rest/v1/edutech_cards?id=eq.17 "HTTP/2 200 OK"
2025-07-22 15:26:26,557 - httpx - INFO - HTTP Request: PATCH https://ehsksxlciaukdbfaaogy.supabase.co/rest/v1/edutech_cards?id=eq.123 "HTTP/2 200 OK"
2025-07-22 15:26:26,571 - httpx - INFO - HTTP Request: PATCH https://ehsksxlciaukdbfaaogy.supabase.co/rest/v1/edutech_cards?id=eq.19 "HTTP/2 200 OK"
2025-07-22 15:26:26,613 - httpx - INFO - HTTP Request: PATCH https://ehsksxlciaukdbfaaogy.supabase.co/rest/v1/edutech_cards?id=eq.20 "HTTP/2 200 OK"
2025-07-22 15:26:26,619 - httpx - INFO - HTTP Request: PATCH https://ehsksxlciaukdbfaaogy.supabase.co/rest/v1/edutech_cards?id=eq.121 "HTTP/2 200 OK"
2025-07-22 15:26:26,662 - httpx - INFO - HTTP Request: PATCH https://ehsksxlciaukdbfaaogy.supabase.co/rest/v1/edutech_cards?id=eq.5 "HTTP/2 200 OK"
2025-07-22 15:26:26,667 - httpx - INFO - HTTP Request: PATCH https://ehsksxlciaukdbfaaogy.supabase.co/rest/v1/edutech_cards?id=eq.118 "HTTP/2 200 OK"
2025-07-22 15:26:26,723 - httpx - INFO - HTTP Request: PATCH https://ehsksxlciaukdbfaaogy.supabase.co/rest/v1/edutech_cards?id=eq.15 "HTTP/2 200 OK"
2025-07-22 15:26:26,724 - httpx - INFO - HTTP Request: PATCH https://ehsksxlciaukdbfaaogy.supabase.co/rest/v1/edutech_cards?id=eq.119 "HTTP/2 200 OK"
2025-07-22 15:26:26,781 - httpx - INFO - HTTP Request: PATCH https://ehsksxlciaukdbfaaogy.supabase.co/rest/v1/edutech_cards?id=eq.10 "HTTP/2 200 OK"
2025-07-22 15:26:26,781 - httpx - INFO - HTTP Request: PATCH https://ehsksxlciaukdbfaaogy.supabase.co/rest/v1/edutech_cards?id=eq.117 "HTTP/2 200 OK"
2025-07-22 15:26:26,828 - httpx - INFO - HTTP Request: PATCH https://ehsksxlciaukdbfaaogy.supabase.co/rest/v1/edutech_cards?id=eq.13 "HTTP/2 200 OK"
2025-07-22 15:26:26,829 - httpx - INFO - HTTP Request: PATCH https://ehsksxlciaukdbfaaogy.supabase.co/rest/v1/edutech_cards?id=eq.125 "HTTP/2 200 OK"
2025-07-22 15:26:26,874 - httpx - INFO - HTTP Request: PATCH https://ehsksxlciaukdbfaaogy.supabase.co/rest/v1/edutech_cards?id=eq.16 "HTTP/2 200 OK"
2025-07-22 15:26:26,879 - httpx - INFO - HTTP Request: PATCH https://ehsksxlciaukdbfaaogy.supabase.co/rest/v1/edutech_cards?id=eq.132 "HTTP/2 200 OK"
2025-07-22 15:26:26,913 - httpx - INFO - HTTP Request: PATCH https://ehsksxlciaukdbfaaogy.supabase.co/rest/v1/edutech_cards?id=eq.18 "HTTP/2 200 OK"
2025-07-22 15:26:26,919 - httpx - INFO - HTTP Request: PATCH https://ehsksxlciaukdbfaaogy.supabase.co/rest/v1/edutech_cards?id=eq.133 "HTTP/2 200 OK"
2025-07-22 15:26:26,967 - httpx - INFO - HTTP Request: PATCH https://ehsksxlciaukdbfaaogy.supabase.co/rest/v1/edutech_cards?id=eq.21 "HTTP/2 200 OK"
2025-07-22 15:26:26,972 - httpx - INFO - HTTP Request: PATCH https://ehsksxlciaukdbfaaogy.supabase.co/rest/v1/edutech_cards?id=eq.129 "HTTP/2 200 OK"
2025-07-22 15:26:27,013 - httpx - INFO - HTTP Request: PATCH https://ehsksxlciaukdbfaaogy.supabase.co/rest/v1/edutech_cards?id=eq.22 "HTTP/2 200 OK"
2025-07-22 15:26:27,024 - httpx - INFO - HTTP Request: PATCH https://ehsksxlciaukdbfaaogy.supabase.co/rest/v1/edutech_cards?id=eq.127 "HTTP/2 200 OK"
2025-07-22 15:26:27,064 - httpx - INFO - HTTP Request: PATCH https://ehsksxlciaukdbfaaogy.supabase.co/rest/v1/edutech_cards?id=eq.14 "HTTP/2 200 OK"
2025-07-22 15:26:27,068 - httpx - INFO - HTTP Request: PATCH https://ehsksxlciaukdbfaaogy.supabase.co/rest/v1/edutech_cards?id=eq.136 "HTTP/2 200 OK"
2025-07-22 15:26:27,121 - httpx - INFO - HTTP Request: PATCH https://ehsksxlciaukdbfaaogy.supabase.co/rest/v1/edutech_cards?id=eq.27 "HTTP/2 200 OK"
2025-07-22 15:26:27,121 - httpx - INFO - HTTP Request: PATCH https://ehsksxlciaukdbfaaogy.supabase.co/rest/v1/edutech_cards?id=eq.135 "HTTP/2 200 OK"
2025-07-22 15:26:27,171 - httpx - INFO - HTTP Request: PATCH https://ehsksxlciaukdbfaaogy.supabase.co/rest/v1/edutech_cards?id=eq.40 "HTTP/2 200 OK"
2025-07-22 15:26:27,172 - httpx - INFO - HTTP Request: PATCH https://ehsksxlciaukdbfaaogy.supabase.co/rest/v1/edutech_cards?id=eq.134 "HTTP/2 200 OK"
2025-07-22 15:26:27,218 - httpx - INFO - HTTP Request: PATCH https://ehsksxlciaukdbfaaogy.supabase.co/rest/v1/edutech_cards?id=eq.25 "HTTP/2 200 OK"
2025-07-22 15:26:27,245 - httpx - INFO - HTTP Request: PATCH https://ehsksxlciaukdbfaaogy.supabase.co/rest/v1/edutech_cards?id=eq.131 "HTTP/2 200 OK"
2025-07-22 15:26:27,273 - httpx - INFO - HTTP Request: PATCH https://ehsksxlciaukdbfaaogy.supabase.co/rest/v1/edutech_cards?id=eq.33 "HTTP/2 200 OK"
2025-07-22 15:26:27,287 - httpx - INFO - HTTP Request: PATCH https://ehsksxlciaukdbfaaogy.supabase.co/rest/v1/edutech_cards?id=eq.128 "HTTP/2 200 OK"
2025-07-22 15:26:27,319 - httpx - INFO - HTTP Request: PATCH https://ehsksxlciaukdbfaaogy.supabase.co/rest/v1/edutech_cards?id=eq.35 "HTTP/2 200 OK"
2025-07-22 15:26:27,343 - httpx - INFO - HTTP Request: PATCH https://ehsksxlciaukdbfaaogy.supabase.co/rest/v1/edutech_cards?id=eq.138 "HTTP/2 200 OK"
2025-07-22 15:26:27,364 - httpx - INFO - HTTP Request: PATCH https://ehsksxlciaukdbfaaogy.supabase.co/rest/v1/edutech_cards?id=eq.37 "HTTP/2 200 OK"
2025-07-22 15:26:27,388 - httpx - INFO - HTTP Request: PATCH https://ehsksxlciaukdbfaaogy.supabase.co/rest/v1/edutech_cards?id=eq.140 "HTTP/2 200 OK"
2025-07-22 15:26:27,408 - httpx - INFO - HTTP Request: PATCH https://ehsksxlciaukdbfaaogy.supabase.co/rest/v1/edutech_cards?id=eq.39 "HTTP/2 200 OK"
2025-07-22 15:26:27,451 - httpx - INFO - HTTP Request: PATCH https://ehsksxlciaukdbfaaogy.supabase.co/rest/v1/edutech_cards?id=eq.145 "HTTP/2 200 OK"
2025-07-22 15:26:27,465 - httpx - INFO - HTTP Request: PATCH https://ehsksxlciaukdbfaaogy.supabase.co/rest/v1/edutech_cards?id=eq.42 "HTTP/2 200 OK"
2025-07-22 15:26:27,520 - httpx - INFO - HTTP Request: PATCH https://ehsksxlciaukdbfaaogy.supabase.co/rest/v1/edutech_cards?id=eq.144 "HTTP/2 200 OK"
2025-07-22 15:26:27,521 - httpx - INFO - HTTP Request: PATCH https://ehsksxlciaukdbfaaogy.supabase.co/rest/v1/edutech_cards?id=eq.28 "HTTP/2 200 OK"
2025-07-22 15:26:27,564 - httpx - INFO - HTTP Request: PATCH https://ehsksxlciaukdbfaaogy.supabase.co/rest/v1/edutech_cards?id=eq.141 "HTTP/2 200 OK"
2025-07-22 15:26:27,570 - httpx - INFO - HTTP Request: PATCH https://ehsksxlciaukdbfaaogy.supabase.co/rest/v1/edutech_cards?id=eq.30 "HTTP/2 200 OK"
2025-07-22 15:26:27,610 - httpx - INFO - HTTP Request: PATCH https://ehsksxlciaukdbfaaogy.supabase.co/rest/v1/edutech_cards?id=eq.146 "HTTP/2 200 OK"
2025-07-22 15:26:27,624 - httpx - INFO - HTTP Request: PATCH https://ehsksxlciaukdbfaaogy.supabase.co/rest/v1/edutech_cards?id=eq.34 "HTTP/2 200 OK"
2025-07-22 15:26:27,650 - httpx - INFO - HTTP Request: PATCH https://ehsksxlciaukdbfaaogy.supabase.co/rest/v1/edutech_cards?id=eq.142 "HTTP/2 200 OK"
2025-07-22 15:26:27,670 - httpx - INFO - HTTP Request: PATCH https://ehsksxlciaukdbfaaogy.supabase.co/rest/v1/edutech_cards?id=eq.36 "HTTP/2 200 OK"
2025-07-22 15:26:27,699 - httpx - INFO - HTTP Request: PATCH https://ehsksxlciaukdbfaaogy.supabase.co/rest/v1/edutech_cards?id=eq.139 "HTTP/2 200 OK"
2025-07-22 15:26:27,716 - httpx - INFO - HTTP Request: PATCH https://ehsksxlciaukdbfaaogy.supabase.co/rest/v1/edutech_cards?id=eq.38 "HTTP/2 200 OK"
2025-07-22 15:26:27,747 - httpx - INFO - HTTP Request: PATCH https://ehsksxlciaukdbfaaogy.supabase.co/rest/v1/edutech_cards?id=eq.137 "HTTP/2 200 OK"
2025-07-22 15:26:27,758 - httpx - INFO - HTTP Request: PATCH https://ehsksxlciaukdbfaaogy.supabase.co/rest/v1/edutech_cards?id=eq.41 "HTTP/2 200 OK"
2025-07-22 15:26:27,801 - httpx - INFO - HTTP Request: PATCH https://ehsksxlciaukdbfaaogy.supabase.co/rest/v1/edutech_cards?id=eq.156 "HTTP/2 200 OK"
2025-07-22 15:26:27,802 - httpx - INFO - HTTP Request: PATCH https://ehsksxlciaukdbfaaogy.supabase.co/rest/v1/edutech_cards?id=eq.24 "HTTP/2 200 OK"
2025-07-22 15:26:27,856 - httpx - INFO - HTTP Request: PATCH https://ehsksxlciaukdbfaaogy.supabase.co/rest/v1/edutech_cards?id=eq.155 "HTTP/2 200 OK"
2025-07-22 15:26:27,884 - httpx - INFO - HTTP Request: PATCH https://ehsksxlciaukdbfaaogy.supabase.co/rest/v1/edutech_cards?id=eq.26 "HTTP/2 200 OK"
2025-07-22 15:26:27,907 - httpx - INFO - HTTP Request: PATCH https://ehsksxlciaukdbfaaogy.supabase.co/rest/v1/edutech_cards?id=eq.153 "HTTP/2 200 OK"
2025-07-22 15:26:27,931 - httpx - INFO - HTTP Request: PATCH https://ehsksxlciaukdbfaaogy.supabase.co/rest/v1/edutech_cards?id=eq.32 "HTTP/2 200 OK"
2025-07-22 15:26:27,966 - httpx - INFO - HTTP Request: PATCH https://ehsksxlciaukdbfaaogy.supabase.co/rest/v1/edutech_cards?id=eq.152 "HTTP/2 200 OK"
2025-07-22 15:26:27,978 - httpx - INFO - HTTP Request: PATCH https://ehsksxlciaukdbfaaogy.supabase.co/rest/v1/edutech_cards?id=eq.44 "HTTP/2 200 OK"
2025-07-22 15:26:28,008 - httpx - INFO - HTTP Request: PATCH https://ehsksxlciaukdbfaaogy.supabase.co/rest/v1/edutech_cards?id=eq.149 "HTTP/2 200 OK"
2025-07-22 15:26:28,017 - httpx - INFO - HTTP Request: PATCH https://ehsksxlciaukdbfaaogy.supabase.co/rest/v1/edutech_cards?id=eq.46 "HTTP/2 200 OK"
2025-07-22 15:26:28,060 - httpx - INFO - HTTP Request: PATCH https://ehsksxlciaukdbfaaogy.supabase.co/rest/v1/edutech_cards?id=eq.147 "HTTP/2 200 OK"
2025-07-22 15:26:28,062 - httpx - INFO - HTTP Request: PATCH https://ehsksxlciaukdbfaaogy.supabase.co/rest/v1/edutech_cards?id=eq.45 "HTTP/2 200 OK"
2025-07-22 15:26:28,104 - httpx - INFO - HTTP Request: PATCH https://ehsksxlciaukdbfaaogy.supabase.co/rest/v1/edutech_cards?id=eq.154 "HTTP/2 200 OK"
2025-07-22 15:26:28,145 - httpx - INFO - HTTP Request: PATCH https://ehsksxlciaukdbfaaogy.supabase.co/rest/v1/edutech_cards?id=eq.57 "HTTP/2 200 OK"
2025-07-22 15:26:28,154 - httpx - INFO - HTTP Request: PATCH https://ehsksxlciaukdbfaaogy.supabase.co/rest/v1/edutech_cards?id=eq.150 "HTTP/2 200 OK"
2025-07-22 15:26:28,191 - httpx - INFO - HTTP Request: PATCH https://ehsksxlciaukdbfaaogy.supabase.co/rest/v1/edutech_cards?id=eq.50 "HTTP/2 200 OK"
2025-07-22 15:26:28,208 - httpx - INFO - HTTP Request: PATCH https://ehsksxlciaukdbfaaogy.supabase.co/rest/v1/edutech_cards?id=eq.148 "HTTP/2 200 OK"
2025-07-22 15:26:28,239 - httpx - INFO - HTTP Request: PATCH https://ehsksxlciaukdbfaaogy.supabase.co/rest/v1/edutech_cards?id=eq.51 "HTTP/2 200 OK"
2025-07-22 15:26:28,265 - httpx - INFO - HTTP Request: PATCH https://ehsksxlciaukdbfaaogy.supabase.co/rest/v1/edutech_cards?id=eq.165 "HTTP/2 200 OK"
2025-07-22 15:26:28,289 - httpx - INFO - HTTP Request: PATCH https://ehsksxlciaukdbfaaogy.supabase.co/rest/v1/edutech_cards?id=eq.53 "HTTP/2 200 OK"
2025-07-22 15:26:28,326 - httpx - INFO - HTTP Request: PATCH https://ehsksxlciaukdbfaaogy.supabase.co/rest/v1/edutech_cards?id=eq.164 "HTTP/2 200 OK"
2025-07-22 15:26:28,350 - httpx - INFO - HTTP Request: PATCH https://ehsksxlciaukdbfaaogy.supabase.co/rest/v1/edutech_cards?id=eq.54 "HTTP/2 200 OK"
2025-07-22 15:26:28,379 - httpx - INFO - HTTP Request: PATCH https://ehsksxlciaukdbfaaogy.supabase.co/rest/v1/edutech_cards?id=eq.163 "HTTP/2 200 OK"
2025-07-22 15:26:28,394 - httpx - INFO - HTTP Request: PATCH https://ehsksxlciaukdbfaaogy.supabase.co/rest/v1/edutech_cards?id=eq.59 "HTTP/2 200 OK"
2025-07-22 15:26:28,426 - httpx - INFO - HTTP Request: PATCH https://ehsksxlciaukdbfaaogy.supabase.co/rest/v1/edutech_cards?id=eq.160 "HTTP/2 200 OK"
2025-07-22 15:26:28,438 - httpx - INFO - HTTP Request: PATCH https://ehsksxlciaukdbfaaogy.supabase.co/rest/v1/edutech_cards?id=eq.60 "HTTP/2 200 OK"
2025-07-22 15:26:28,470 - httpx - INFO - HTTP Request: PATCH https://ehsksxlciaukdbfaaogy.supabase.co/rest/v1/edutech_cards?id=eq.159 "HTTP/2 200 OK"
2025-07-22 15:26:28,481 - httpx - INFO - HTTP Request: PATCH https://ehsksxlciaukdbfaaogy.supabase.co/rest/v1/edutech_cards?id=eq.62 "HTTP/2 200 OK"
2025-07-22 15:26:28,510 - httpx - INFO - HTTP Request: PATCH https://ehsksxlciaukdbfaaogy.supabase.co/rest/v1/edutech_cards?id=eq.157 "HTTP/2 200 OK"
2025-07-22 15:26:28,530 - httpx - INFO - HTTP Request: PATCH https://ehsksxlciaukdbfaaogy.supabase.co/rest/v1/edutech_cards?id=eq.48 "HTTP/2 200 OK"
2025-07-22 15:26:28,557 - httpx - INFO - HTTP Request: PATCH https://ehsksxlciaukdbfaaogy.supabase.co/rest/v1/edutech_cards?id=eq.161 "HTTP/2 200 OK"
2025-07-22 15:26:28,596 - httpx - INFO - HTTP Request: PATCH https://ehsksxlciaukdbfaaogy.supabase.co/rest/v1/edutech_cards?id=eq.49 "HTTP/2 200 OK"
2025-07-22 15:26:28,600 - httpx - INFO - HTTP Request: PATCH https://ehsksxlciaukdbfaaogy.supabase.co/rest/v1/edutech_cards?id=eq.158 "HTTP/2 200 OK"
2025-07-22 15:26:28,641 - httpx - INFO - HTTP Request: PATCH https://ehsksxlciaukdbfaaogy.supabase.co/rest/v1/edutech_cards?id=eq.173 "HTTP/2 200 OK"
2025-07-22 15:26:28,645 - httpx - INFO - HTTP Request: PATCH https://ehsksxlciaukdbfaaogy.supabase.co/rest/v1/edutech_cards?id=eq.61 "HTTP/2 200 OK"
2025-07-22 15:26:28,683 - httpx - INFO - HTTP Request: PATCH https://ehsksxlciaukdbfaaogy.supabase.co/rest/v1/edutech_cards?id=eq.169 "HTTP/2 200 OK"
2025-07-22 15:26:28,702 - httpx - INFO - HTTP Request: PATCH https://ehsksxlciaukdbfaaogy.supabase.co/rest/v1/edutech_cards?id=eq.47 "HTTP/2 200 OK"
2025-07-22 15:26:28,725 - httpx - INFO - HTTP Request: PATCH https://ehsksxlciaukdbfaaogy.supabase.co/rest/v1/edutech_cards?id=eq.167 "HTTP/2 200 OK"
2025-07-22 15:26:28,783 - httpx - INFO - HTTP Request: PATCH https://ehsksxlciaukdbfaaogy.supabase.co/rest/v1/edutech_cards?id=eq.55 "HTTP/2 200 OK"
2025-07-22 15:26:28,805 - httpx - INFO - HTTP Request: PATCH https://ehsksxlciaukdbfaaogy.supabase.co/rest/v1/edutech_cards?id=eq.172 "HTTP/2 200 OK"
2025-07-22 15:26:28,831 - httpx - INFO - HTTP Request: PATCH https://ehsksxlciaukdbfaaogy.supabase.co/rest/v1/edutech_cards?id=eq.58 "HTTP/2 200 OK"
2025-07-22 15:26:28,845 - httpx - INFO - HTTP Request: PATCH https://ehsksxlciaukdbfaaogy.supabase.co/rest/v1/edutech_cards?id=eq.168 "HTTP/2 200 OK"
2025-07-22 15:26:28,873 - httpx - INFO - HTTP Request: PATCH https://ehsksxlciaukdbfaaogy.supabase.co/rest/v1/edutech_cards?id=eq.63 "HTTP/2 200 OK"
2025-07-22 15:26:28,919 - httpx - INFO - HTTP Request: PATCH https://ehsksxlciaukdbfaaogy.supabase.co/rest/v1/edutech_cards?id=eq.52 "HTTP/2 200 OK"
2025-07-22 15:26:28,969 - httpx - INFO - HTTP Request: PATCH https://ehsksxlciaukdbfaaogy.supabase.co/rest/v1/edutech_cards?id=eq.178 "HTTP/2 200 OK"
2025-07-22 15:26:28,971 - httpx - INFO - HTTP Request: PATCH https://ehsksxlciaukdbfaaogy.supabase.co/rest/v1/edutech_cards?id=eq.65 "HTTP/2 200 OK"
2025-07-22 15:26:29,005 - httpx - INFO - HTTP Request: PATCH https://ehsksxlciaukdbfaaogy.supabase.co/rest/v1/edutech_cards?id=eq.186 "HTTP/2 200 OK"
2025-07-22 15:26:29,006 - httpx - INFO - HTTP Request: PATCH https://ehsksxlciaukdbfaaogy.supabase.co/rest/v1/edutech_cards?id=eq.66 "HTTP/2 200 OK"
2025-07-22 15:26:29,041 - httpx - INFO - HTTP Request: PATCH https://ehsksxlciaukdbfaaogy.supabase.co/rest/v1/edutech_cards?id=eq.185 "HTTP/2 200 OK"
2025-07-22 15:26:29,056 - httpx - INFO - HTTP Request: PATCH https://ehsksxlciaukdbfaaogy.supabase.co/rest/v1/edutech_cards?id=eq.69 "HTTP/2 200 OK"
2025-07-22 15:26:29,083 - httpx - INFO - HTTP Request: PATCH https://ehsksxlciaukdbfaaogy.supabase.co/rest/v1/edutech_cards?id=eq.184 "HTTP/2 200 OK"
2025-07-22 15:26:29,096 - httpx - INFO - HTTP Request: PATCH https://ehsksxlciaukdbfaaogy.supabase.co/rest/v1/edutech_cards?id=eq.71 "HTTP/2 200 OK"
2025-07-22 15:26:29,120 - httpx - INFO - HTTP Request: PATCH https://ehsksxlciaukdbfaaogy.supabase.co/rest/v1/edutech_cards?id=eq.183 "HTTP/2 200 OK"
2025-07-22 15:26:29,138 - httpx - INFO - HTTP Request: PATCH https://ehsksxlciaukdbfaaogy.supabase.co/rest/v1/edutech_cards?id=eq.67 "HTTP/2 200 OK"
2025-07-22 15:26:29,163 - httpx - INFO - HTTP Request: PATCH https://ehsksxlciaukdbfaaogy.supabase.co/rest/v1/edutech_cards?id=eq.182 "HTTP/2 200 OK"
2025-07-22 15:26:29,176 - httpx - INFO - HTTP Request: PATCH https://ehsksxlciaukdbfaaogy.supabase.co/rest/v1/edutech_cards?id=eq.72 "HTTP/2 200 OK"
2025-07-22 15:26:29,199 - httpx - INFO - HTTP Request: PATCH https://ehsksxlciaukdbfaaogy.supabase.co/rest/v1/edutech_cards?id=eq.181 "HTTP/2 200 OK"
2025-07-22 15:26:29,212 - httpx - INFO - HTTP Request: PATCH https://ehsksxlciaukdbfaaogy.supabase.co/rest/v1/edutech_cards?id=eq.74 "HTTP/2 200 OK"
2025-07-22 15:26:29,241 - httpx - INFO - HTTP Request: PATCH https://ehsksxlciaukdbfaaogy.supabase.co/rest/v1/edutech_cards?id=eq.180 "HTTP/2 200 OK"
2025-07-22 15:26:29,249 - httpx - INFO - HTTP Request: PATCH https://ehsksxlciaukdbfaaogy.supabase.co/rest/v1/edutech_cards?id=eq.75 "HTTP/2 200 OK"
2025-07-22 15:26:29,285 - httpx - INFO - HTTP Request: PATCH https://ehsksxlciaukdbfaaogy.supabase.co/rest/v1/edutech_cards?id=eq.179 "HTTP/2 200 OK"
2025-07-22 15:26:29,288 - httpx - INFO - HTTP Request: PATCH https://ehsksxlciaukdbfaaogy.supabase.co/rest/v1/edutech_cards?id=eq.29 "HTTP/2 200 OK"
2025-07-22 15:26:29,327 - httpx - INFO - HTTP Request: PATCH https://ehsksxlciaukdbfaaogy.supabase.co/rest/v1/edutech_cards?id=eq.177 "HTTP/2 200 OK"
2025-07-22 15:26:29,342 - httpx - INFO - HTTP Request: PATCH https://ehsksxlciaukdbfaaogy.supabase.co/rest/v1/edutech_cards?id=eq.73 "HTTP/2 200 OK"
2025-07-22 15:26:29,368 - httpx - INFO - HTTP Request: PATCH https://ehsksxlciaukdbfaaogy.supabase.co/rest/v1/edutech_cards?id=eq.187 "HTTP/2 200 OK"
2025-07-22 15:26:29,392 - httpx - INFO - HTTP Request: PATCH https://ehsksxlciaukdbfaaogy.supabase.co/rest/v1/edutech_cards?id=eq.56 "HTTP/2 200 OK"
2025-07-22 15:26:29,411 - httpx - INFO - HTTP Request: PATCH https://ehsksxlciaukdbfaaogy.supabase.co/rest/v1/edutech_cards?id=eq.205 "HTTP/2 200 OK"
2025-07-22 15:26:29,443 - httpx - INFO - HTTP Request: PATCH https://ehsksxlciaukdbfaaogy.supabase.co/rest/v1/edutech_cards?id=eq.76 "HTTP/2 200 OK"
2025-07-22 15:26:29,463 - httpx - INFO - HTTP Request: PATCH https://ehsksxlciaukdbfaaogy.supabase.co/rest/v1/edutech_cards?id=eq.196 "HTTP/2 200 OK"
2025-07-22 15:26:29,482 - httpx - INFO - HTTP Request: PATCH https://ehsksxlciaukdbfaaogy.supabase.co/rest/v1/edutech_cards?id=eq.77 "HTTP/2 200 OK"
2025-07-22 15:26:29,504 - httpx - INFO - HTTP Request: PATCH https://ehsksxlciaukdbfaaogy.supabase.co/rest/v1/edutech_cards?id=eq.195 "HTTP/2 200 OK"
2025-07-22 15:26:29,519 - httpx - INFO - HTTP Request: PATCH https://ehsksxlciaukdbfaaogy.supabase.co/rest/v1/edutech_cards?id=eq.78 "HTTP/2 200 OK"
2025-07-22 15:26:29,562 - httpx - INFO - HTTP Request: PATCH https://ehsksxlciaukdbfaaogy.supabase.co/rest/v1/edutech_cards?id=eq.193 "HTTP/2 200 OK"
2025-07-22 15:26:29,563 - httpx - INFO - HTTP Request: PATCH https://ehsksxlciaukdbfaaogy.supabase.co/rest/v1/edutech_cards?id=eq.79 "HTTP/2 200 OK"
2025-07-22 15:26:29,606 - httpx - INFO - HTTP Request: PATCH https://ehsksxlciaukdbfaaogy.supabase.co/rest/v1/edutech_cards?id=eq.192 "HTTP/2 200 OK"
2025-07-22 15:26:29,609 - httpx - INFO - HTTP Request: PATCH https://ehsksxlciaukdbfaaogy.supabase.co/rest/v1/edutech_cards?id=eq.80 "HTTP/2 200 OK"
2025-07-22 15:26:29,643 - httpx - INFO - HTTP Request: PATCH https://ehsksxlciaukdbfaaogy.supabase.co/rest/v1/edutech_cards?id=eq.191 "HTTP/2 200 OK"
2025-07-22 15:26:29,663 - httpx - INFO - HTTP Request: PATCH https://ehsksxlciaukdbfaaogy.supabase.co/rest/v1/edutech_cards?id=eq.81 "HTTP/2 200 OK"
2025-07-22 15:26:29,692 - httpx - INFO - HTTP Request: PATCH https://ehsksxlciaukdbfaaogy.supabase.co/rest/v1/edutech_cards?id=eq.189 "HTTP/2 200 OK"
2025-07-22 15:26:29,702 - httpx - INFO - HTTP Request: PATCH https://ehsksxlciaukdbfaaogy.supabase.co/rest/v1/edutech_cards?id=eq.82 "HTTP/2 200 OK"
2025-07-22 15:26:29,731 - httpx - INFO - HTTP Request: PATCH https://ehsksxlciaukdbfaaogy.supabase.co/rest/v1/edutech_cards?id=eq.188 "HTTP/2 200 OK"
2025-07-22 15:26:29,741 - httpx - INFO - HTTP Request: PATCH https://ehsksxlciaukdbfaaogy.supabase.co/rest/v1/edutech_cards?id=eq.83 "HTTP/2 200 OK"
2025-07-22 15:26:29,777 - httpx - INFO - HTTP Request: PATCH https://ehsksxlciaukdbfaaogy.supabase.co/rest/v1/edutech_cards?id=eq.194 "HTTP/2 200 OK"
2025-07-22 15:26:29,785 - httpx - INFO - HTTP Request: PATCH https://ehsksxlciaukdbfaaogy.supabase.co/rest/v1/edutech_cards?id=eq.64 "HTTP/2 200 OK"
2025-07-22 15:26:29,829 - httpx - INFO - HTTP Request: PATCH https://ehsksxlciaukdbfaaogy.supabase.co/rest/v1/edutech_cards?id=eq.70 "HTTP/2 200 OK"
2025-07-22 15:26:29,864 - httpx - INFO - HTTP Request: PATCH https://ehsksxlciaukdbfaaogy.supabase.co/rest/v1/edutech_cards?id=eq.190 "HTTP/2 200 OK"
2025-07-22 15:26:29,871 - httpx - INFO - HTTP Request: PATCH https://ehsksxlciaukdbfaaogy.supabase.co/rest/v1/edutech_cards?id=eq.84 "HTTP/2 200 OK"
2025-07-22 15:26:29,920 - httpx - INFO - HTTP Request: PATCH https://ehsksxlciaukdbfaaogy.supabase.co/rest/v1/edutech_cards?id=eq.201 "HTTP/2 200 OK"
2025-07-22 15:26:29,921 - httpx - INFO - HTTP Request: PATCH https://ehsksxlciaukdbfaaogy.supabase.co/rest/v1/edutech_cards?id=eq.85 "HTTP/2 200 OK"
2025-07-22 15:26:29,960 - httpx - INFO - HTTP Request: PATCH https://ehsksxlciaukdbfaaogy.supabase.co/rest/v1/edutech_cards?id=eq.87 "HTTP/2 200 OK"
2025-07-22 15:26:29,968 - httpx - INFO - HTTP Request: PATCH https://ehsksxlciaukdbfaaogy.supabase.co/rest/v1/edutech_cards?id=eq.199 "HTTP/2 200 OK"
2025-07-22 15:26:30,000 - httpx - INFO - HTTP Request: PATCH https://ehsksxlciaukdbfaaogy.supabase.co/rest/v1/edutech_cards?id=eq.88 "HTTP/2 200 OK"
2025-07-22 15:26:30,012 - httpx - INFO - HTTP Request: PATCH https://ehsksxlciaukdbfaaogy.supabase.co/rest/v1/edutech_cards?id=eq.203 "HTTP/2 200 OK"
2025-07-22 15:26:30,040 - httpx - INFO - HTTP Request: PATCH https://ehsksxlciaukdbfaaogy.supabase.co/rest/v1/edutech_cards?id=eq.89 "HTTP/2 200 OK"
2025-07-22 15:26:30,047 - httpx - INFO - HTTP Request: PATCH https://ehsksxlciaukdbfaaogy.supabase.co/rest/v1/edutech_cards?id=eq.200 "HTTP/2 200 OK"
2025-07-22 15:26:30,093 - httpx - INFO - HTTP Request: PATCH https://ehsksxlciaukdbfaaogy.supabase.co/rest/v1/edutech_cards?id=eq.90 "HTTP/2 200 OK"
2025-07-22 15:26:30,093 - httpx - INFO - HTTP Request: PATCH https://ehsksxlciaukdbfaaogy.supabase.co/rest/v1/edutech_cards?id=eq.198 "HTTP/2 200 OK"
2025-07-22 15:26:30,129 - httpx - INFO - HTTP Request: PATCH https://ehsksxlciaukdbfaaogy.supabase.co/rest/v1/edutech_cards?id=eq.91 "HTTP/2 200 OK"
2025-07-22 15:26:30,131 - httpx - INFO - HTTP Request: PATCH https://ehsksxlciaukdbfaaogy.supabase.co/rest/v1/edutech_cards?id=eq.197 "HTTP/2 200 OK"
2025-07-22 15:26:30,204 - httpx - INFO - HTTP Request: PATCH https://ehsksxlciaukdbfaaogy.supabase.co/rest/v1/edutech_cards?id=eq.92 "HTTP/2 200 OK"
2025-07-22 15:26:30,205 - httpx - INFO - HTTP Request: PATCH https://ehsksxlciaukdbfaaogy.supabase.co/rest/v1/edutech_cards?id=eq.202 "HTTP/2 200 OK"
2025-07-22 15:26:30,261 - httpx - INFO - HTTP Request: PATCH https://ehsksxlciaukdbfaaogy.supabase.co/rest/v1/edutech_cards?id=eq.93 "HTTP/2 200 OK"
2025-07-22 15:26:30,262 - httpx - INFO - HTTP Request: PATCH https://ehsksxlciaukdbfaaogy.supabase.co/rest/v1/edutech_cards?id=eq.206 "HTTP/2 200 OK"
2025-07-22 15:26:30,267 - werkzeug - INFO - 127.0.0.1 - - [22/Jul/2025 15:26:30] "POST /api/cards/reorder HTTP/1.1" 200 -
2025-07-22 15:26:30,320 - httpx - INFO - HTTP Request: PATCH https://ehsksxlciaukdbfaaogy.supabase.co/rest/v1/edutech_cards?id=eq.94 "HTTP/2 200 OK"
2025-07-22 15:26:30,364 - httpx - INFO - HTTP Request: PATCH https://ehsksxlciaukdbfaaogy.supabase.co/rest/v1/edutech_cards?id=eq.95 "HTTP/2 200 OK"
2025-07-22 15:26:30,417 - httpx - INFO - HTTP Request: PATCH https://ehsksxlciaukdbfaaogy.supabase.co/rest/v1/edutech_cards?id=eq.96 "HTTP/2 200 OK"
2025-07-22 15:26:30,456 - httpx - INFO - HTTP Request: PATCH https://ehsksxlciaukdbfaaogy.supabase.co/rest/v1/edutech_cards?id=eq.98 "HTTP/2 200 OK"
2025-07-22 15:26:30,552 - httpx - INFO - HTTP Request: PATCH https://ehsksxlciaukdbfaaogy.supabase.co/rest/v1/edutech_cards?id=eq.103 "HTTP/2 200 OK"
2025-07-22 15:26:30,596 - httpx - INFO - HTTP Request: PATCH https://ehsksxlciaukdbfaaogy.supabase.co/rest/v1/edutech_cards?id=eq.104 "HTTP/2 200 OK"
2025-07-22 15:26:30,646 - httpx - INFO - HTTP Request: PATCH https://ehsksxlciaukdbfaaogy.supabase.co/rest/v1/edutech_cards?id=eq.105 "HTTP/2 200 OK"
2025-07-22 15:26:30,686 - httpx - INFO - HTTP Request: PATCH https://ehsksxlciaukdbfaaogy.supabase.co/rest/v1/edutech_cards?id=eq.97 "HTTP/2 200 OK"
2025-07-22 15:26:30,724 - httpx - INFO - HTTP Request: PATCH https://ehsksxlciaukdbfaaogy.supabase.co/rest/v1/edutech_cards?id=eq.99 "HTTP/2 200 OK"
2025-07-22 15:26:30,780 - httpx - INFO - HTTP Request: PATCH https://ehsksxlciaukdbfaaogy.supabase.co/rest/v1/edutech_cards?id=eq.100 "HTTP/2 200 OK"
2025-07-22 15:26:30,829 - httpx - INFO - HTTP Request: PATCH https://ehsksxlciaukdbfaaogy.supabase.co/rest/v1/edutech_cards?id=eq.101 "HTTP/2 200 OK"
2025-07-22 15:26:30,873 - httpx - INFO - HTTP Request: PATCH https://ehsksxlciaukdbfaaogy.supabase.co/rest/v1/edutech_cards?id=eq.102 "HTTP/2 200 OK"
2025-07-22 15:26:30,914 - httpx - INFO - HTTP Request: PATCH https://ehsksxlciaukdbfaaogy.supabase.co/rest/v1/edutech_cards?id=eq.106 "HTTP/2 200 OK"
2025-07-22 15:26:30,950 - httpx - INFO - HTTP Request: PATCH https://ehsksxlciaukdbfaaogy.supabase.co/rest/v1/edutech_cards?id=eq.114 "HTTP/2 200 OK"
2025-07-22 15:26:30,990 - httpx - INFO - HTTP Request: PATCH https://ehsksxlciaukdbfaaogy.supabase.co/rest/v1/edutech_cards?id=eq.109 "HTTP/2 200 OK"
2025-07-22 15:26:31,041 - httpx - INFO - HTTP Request: PATCH https://ehsksxlciaukdbfaaogy.supabase.co/rest/v1/edutech_cards?id=eq.108 "HTTP/2 200 OK"
2025-07-22 15:26:31,080 - httpx - INFO - HTTP Request: PATCH https://ehsksxlciaukdbfaaogy.supabase.co/rest/v1/edutech_cards?id=eq.113 "HTTP/2 200 OK"
2025-07-22 15:26:31,128 - httpx - INFO - HTTP Request: PATCH https://ehsksxlciaukdbfaaogy.supabase.co/rest/v1/edutech_cards?id=eq.112 "HTTP/2 200 OK"
2025-07-22 15:26:31,169 - httpx - INFO - HTTP Request: PATCH https://ehsksxlciaukdbfaaogy.supabase.co/rest/v1/edutech_cards?id=eq.115 "HTTP/2 200 OK"
2025-07-22 15:26:31,209 - httpx - INFO - HTTP Request: PATCH https://ehsksxlciaukdbfaaogy.supabase.co/rest/v1/edutech_cards?id=eq.107 "HTTP/2 200 OK"
2025-07-22 15:26:31,257 - httpx - INFO - HTTP Request: PATCH https://ehsksxlciaukdbfaaogy.supabase.co/rest/v1/edutech_cards?id=eq.110 "HTTP/2 200 OK"
2025-07-22 15:26:31,299 - httpx - INFO - HTTP Request: PATCH https://ehsksxlciaukdbfaaogy.supabase.co/rest/v1/edutech_cards?id=eq.116 "HTTP/2 200 OK"
2025-07-22 15:26:31,342 - httpx - INFO - HTTP Request: PATCH https://ehsksxlciaukdbfaaogy.supabase.co/rest/v1/edutech_cards?id=eq.111 "HTTP/2 200 OK"
2025-07-22 15:26:31,389 - httpx - INFO - HTTP Request: PATCH https://ehsksxlciaukdbfaaogy.supabase.co/rest/v1/edutech_cards?id=eq.122 "HTTP/2 200 OK"
=== API /api/cards GET 요청 받음 ===
검색 조건 - search: '', category: '', subject: ''
데이터베이스 쿼리 실행 중...
2025-07-22 15:26:31,435 - httpx - INFO - HTTP Request: PATCH https://ehsksxlciaukdbfaaogy.supabase.co/rest/v1/edutech_cards?id=eq.126 "HTTP/2 200 OK"
2025-07-22 15:26:31,473 - httpx - INFO - HTTP Request: GET https://ehsksxlciaukdbfaaogy.supabase.co/rest/v1/edutech_cards?select=%2A&view=eq.1&order=sort_order.asc%2Ccreated_at.desc "HTTP/2 200 OK"
2025-07-22 15:26:31,473 - httpx - INFO - HTTP Request: PATCH https://ehsksxlciaukdbfaaogy.supabase.co/rest/v1/edutech_cards?id=eq.120 "HTTP/2 200 OK"
조회된 카드 수: 188
첫 번째 카드: 구글 아트앤컬처
2025-07-22 15:26:31,478 - werkzeug - INFO - 127.0.0.1 - - [22/Jul/2025 15:26:31] "GET /api/cards HTTP/1.1" 200 -
2025-07-22 15:26:31,520 - httpx - INFO - HTTP Request: PATCH https://ehsksxlciaukdbfaaogy.supabase.co/rest/v1/edutech_cards?id=eq.123 "HTTP/2 200 OK"
2025-07-22 15:26:31,562 - httpx - INFO - HTTP Request: PATCH https://ehsksxlciaukdbfaaogy.supabase.co/rest/v1/edutech_cards?id=eq.121 "HTTP/2 200 OK"
2025-07-22 15:26:31,607 - httpx - INFO - HTTP Request: PATCH https://ehsksxlciaukdbfaaogy.supabase.co/rest/v1/edutech_cards?id=eq.118 "HTTP/2 200 OK"
2025-07-22 15:26:31,656 - httpx - INFO - HTTP Request: PATCH https://ehsksxlciaukdbfaaogy.supabase.co/rest/v1/edutech_cards?id=eq.119 "HTTP/2 200 OK"
2025-07-22 15:26:31,704 - httpx - INFO - HTTP Request: PATCH https://ehsksxlciaukdbfaaogy.supabase.co/rest/v1/edutech_cards?id=eq.117 "HTTP/2 200 OK"
2025-07-22 15:26:31,744 - httpx - INFO - HTTP Request: PATCH https://ehsksxlciaukdbfaaogy.supabase.co/rest/v1/edutech_cards?id=eq.125 "HTTP/2 200 OK"
2025-07-22 15:26:31,793 - httpx - INFO - HTTP Request: PATCH https://ehsksxlciaukdbfaaogy.supabase.co/rest/v1/edutech_cards?id=eq.132 "HTTP/2 200 OK"
2025-07-22 15:26:31,848 - httpx - INFO - HTTP Request: PATCH https://ehsksxlciaukdbfaaogy.supabase.co/rest/v1/edutech_cards?id=eq.133 "HTTP/2 200 OK"
2025-07-22 15:26:31,896 - httpx - INFO - HTTP Request: PATCH https://ehsksxlciaukdbfaaogy.supabase.co/rest/v1/edutech_cards?id=eq.129 "HTTP/2 200 OK"
2025-07-22 15:26:31,941 - httpx - INFO - HTTP Request: PATCH https://ehsksxlciaukdbfaaogy.supabase.co/rest/v1/edutech_cards?id=eq.127 "HTTP/2 200 OK"
2025-07-22 15:26:31,988 - httpx - INFO - HTTP Request: PATCH https://ehsksxlciaukdbfaaogy.supabase.co/rest/v1/edutech_cards?id=eq.136 "HTTP/2 200 OK"
2025-07-22 15:26:32,033 - httpx - INFO - HTTP Request: PATCH https://ehsksxlciaukdbfaaogy.supabase.co/rest/v1/edutech_cards?id=eq.135 "HTTP/2 200 OK"
2025-07-22 15:26:32,084 - httpx - INFO - HTTP Request: PATCH https://ehsksxlciaukdbfaaogy.supabase.co/rest/v1/edutech_cards?id=eq.134 "HTTP/2 200 OK"
2025-07-22 15:26:32,140 - httpx - INFO - HTTP Request: PATCH https://ehsksxlciaukdbfaaogy.supabase.co/rest/v1/edutech_cards?id=eq.131 "HTTP/2 200 OK"
2025-07-22 15:26:32,184 - httpx - INFO - HTTP Request: PATCH https://ehsksxlciaukdbfaaogy.supabase.co/rest/v1/edutech_cards?id=eq.128 "HTTP/2 200 OK"
2025-07-22 15:26:32,232 - httpx - INFO - HTTP Request: PATCH https://ehsksxlciaukdbfaaogy.supabase.co/rest/v1/edutech_cards?id=eq.138 "HTTP/2 200 OK"
2025-07-22 15:26:32,278 - httpx - INFO - HTTP Request: PATCH https://ehsksxlciaukdbfaaogy.supabase.co/rest/v1/edutech_cards?id=eq.140 "HTTP/2 200 OK"
2025-07-22 15:26:32,317 - httpx - INFO - HTTP Request: PATCH https://ehsksxlciaukdbfaaogy.supabase.co/rest/v1/edutech_cards?id=eq.145 "HTTP/2 200 OK"
2025-07-22 15:26:32,365 - httpx - INFO - HTTP Request: PATCH https://ehsksxlciaukdbfaaogy.supabase.co/rest/v1/edutech_cards?id=eq.144 "HTTP/2 200 OK"
2025-07-22 15:26:32,410 - httpx - INFO - HTTP Request: PATCH https://ehsksxlciaukdbfaaogy.supabase.co/rest/v1/edutech_cards?id=eq.141 "HTTP/2 200 OK"
2025-07-22 15:26:32,462 - httpx - INFO - HTTP Request: PATCH https://ehsksxlciaukdbfaaogy.supabase.co/rest/v1/edutech_cards?id=eq.146 "HTTP/2 200 OK"
2025-07-22 15:26:32,501 - httpx - INFO - HTTP Request: PATCH https://ehsksxlciaukdbfaaogy.supabase.co/rest/v1/edutech_cards?id=eq.142 "HTTP/2 200 OK"
2025-07-22 15:26:32,545 - httpx - INFO - HTTP Request: PATCH https://ehsksxlciaukdbfaaogy.supabase.co/rest/v1/edutech_cards?id=eq.139 "HTTP/2 200 OK"
2025-07-22 15:26:32,591 - httpx - INFO - HTTP Request: PATCH https://ehsksxlciaukdbfaaogy.supabase.co/rest/v1/edutech_cards?id=eq.137 "HTTP/2 200 OK"
2025-07-22 15:26:32,636 - httpx - INFO - HTTP Request: PATCH https://ehsksxlciaukdbfaaogy.supabase.co/rest/v1/edutech_cards?id=eq.156 "HTTP/2 200 OK"
2025-07-22 15:26:32,692 - httpx - INFO - HTTP Request: PATCH https://ehsksxlciaukdbfaaogy.supabase.co/rest/v1/edutech_cards?id=eq.155 "HTTP/2 200 OK"
2025-07-22 15:26:32,734 - httpx - INFO - HTTP Request: PATCH https://ehsksxlciaukdbfaaogy.supabase.co/rest/v1/edutech_cards?id=eq.153 "HTTP/2 200 OK"
2025-07-22 15:26:32,796 - httpx - INFO - HTTP Request: PATCH https://ehsksxlciaukdbfaaogy.supabase.co/rest/v1/edutech_cards?id=eq.152 "HTTP/2 200 OK"
2025-07-22 15:26:32,837 - httpx - INFO - HTTP Request: PATCH https://ehsksxlciaukdbfaaogy.supabase.co/rest/v1/edutech_cards?id=eq.149 "HTTP/2 200 OK"
2025-07-22 15:26:32,880 - httpx - INFO - HTTP Request: PATCH https://ehsksxlciaukdbfaaogy.supabase.co/rest/v1/edutech_cards?id=eq.147 "HTTP/2 200 OK"
2025-07-22 15:26:32,931 - httpx - INFO - HTTP Request: PATCH https://ehsksxlciaukdbfaaogy.supabase.co/rest/v1/edutech_cards?id=eq.154 "HTTP/2 200 OK"
2025-07-22 15:26:32,969 - httpx - INFO - HTTP Request: PATCH https://ehsksxlciaukdbfaaogy.supabase.co/rest/v1/edutech_cards?id=eq.150 "HTTP/2 200 OK"
2025-07-22 15:26:33,011 - httpx - INFO - HTTP Request: PATCH https://ehsksxlciaukdbfaaogy.supabase.co/rest/v1/edutech_cards?id=eq.148 "HTTP/2 200 OK"
2025-07-22 15:26:33,049 - httpx - INFO - HTTP Request: PATCH https://ehsksxlciaukdbfaaogy.supabase.co/rest/v1/edutech_cards?id=eq.165 "HTTP/2 200 OK"
2025-07-22 15:26:33,091 - httpx - INFO - HTTP Request: PATCH https://ehsksxlciaukdbfaaogy.supabase.co/rest/v1/edutech_cards?id=eq.164 "HTTP/2 200 OK"
2025-07-22 15:26:33,172 - httpx - INFO - HTTP Request: PATCH https://ehsksxlciaukdbfaaogy.supabase.co/rest/v1/edutech_cards?id=eq.163 "HTTP/2 200 OK"
2025-07-22 15:26:33,240 - httpx - INFO - HTTP Request: PATCH https://ehsksxlciaukdbfaaogy.supabase.co/rest/v1/edutech_cards?id=eq.160 "HTTP/2 200 OK"
2025-07-22 15:26:33,284 - httpx - INFO - HTTP Request: PATCH https://ehsksxlciaukdbfaaogy.supabase.co/rest/v1/edutech_cards?id=eq.159 "HTTP/2 200 OK"
2025-07-22 15:26:33,333 - httpx - INFO - HTTP Request: PATCH https://ehsksxlciaukdbfaaogy.supabase.co/rest/v1/edutech_cards?id=eq.157 "HTTP/2 200 OK"
2025-07-22 15:26:33,395 - httpx - INFO - HTTP Request: PATCH https://ehsksxlciaukdbfaaogy.supabase.co/rest/v1/edutech_cards?id=eq.161 "HTTP/2 200 OK"
2025-07-22 15:26:33,444 - httpx - INFO - HTTP Request: PATCH https://ehsksxlciaukdbfaaogy.supabase.co/rest/v1/edutech_cards?id=eq.158 "HTTP/2 200 OK"
2025-07-22 15:26:33,483 - httpx - INFO - HTTP Request: PATCH https://ehsksxlciaukdbfaaogy.supabase.co/rest/v1/edutech_cards?id=eq.173 "HTTP/2 200 OK"
2025-07-22 15:26:33,532 - httpx - INFO - HTTP Request: PATCH https://ehsksxlciaukdbfaaogy.supabase.co/rest/v1/edutech_cards?id=eq.169 "HTTP/2 200 OK"
2025-07-22 15:26:33,579 - httpx - INFO - HTTP Request: PATCH https://ehsksxlciaukdbfaaogy.supabase.co/rest/v1/edutech_cards?id=eq.167 "HTTP/2 200 OK"
2025-07-22 15:26:33,629 - httpx - INFO - HTTP Request: PATCH https://ehsksxlciaukdbfaaogy.supabase.co/rest/v1/edutech_cards?id=eq.172 "HTTP/2 200 OK"
2025-07-22 15:26:33,675 - httpx - INFO - HTTP Request: PATCH https://ehsksxlciaukdbfaaogy.supabase.co/rest/v1/edutech_cards?id=eq.168 "HTTP/2 200 OK"
2025-07-22 15:26:33,721 - httpx - INFO - HTTP Request: PATCH https://ehsksxlciaukdbfaaogy.supabase.co/rest/v1/edutech_cards?id=eq.178 "HTTP/2 200 OK"
2025-07-22 15:26:33,779 - httpx - INFO - HTTP Request: PATCH https://ehsksxlciaukdbfaaogy.supabase.co/rest/v1/edutech_cards?id=eq.186 "HTTP/2 200 OK"
2025-07-22 15:26:33,823 - httpx - INFO - HTTP Request: PATCH https://ehsksxlciaukdbfaaogy.supabase.co/rest/v1/edutech_cards?id=eq.185 "HTTP/2 200 OK"
2025-07-22 15:26:33,866 - httpx - INFO - HTTP Request: PATCH https://ehsksxlciaukdbfaaogy.supabase.co/rest/v1/edutech_cards?id=eq.184 "HTTP/2 200 OK"
2025-07-22 15:26:33,926 - httpx - INFO - HTTP Request: PATCH https://ehsksxlciaukdbfaaogy.supabase.co/rest/v1/edutech_cards?id=eq.183 "HTTP/2 200 OK"
2025-07-22 15:26:33,979 - httpx - INFO - HTTP Request: PATCH https://ehsksxlciaukdbfaaogy.supabase.co/rest/v1/edutech_cards?id=eq.182 "HTTP/2 200 OK"
2025-07-22 15:26:34,026 - httpx - INFO - HTTP Request: PATCH https://ehsksxlciaukdbfaaogy.supabase.co/rest/v1/edutech_cards?id=eq.181 "HTTP/2 200 OK"
2025-07-22 15:26:34,081 - httpx - INFO - HTTP Request: PATCH https://ehsksxlciaukdbfaaogy.supabase.co/rest/v1/edutech_cards?id=eq.180 "HTTP/2 200 OK"
2025-07-22 15:26:34,137 - httpx - INFO - HTTP Request: PATCH https://ehsksxlciaukdbfaaogy.supabase.co/rest/v1/edutech_cards?id=eq.179 "HTTP/2 200 OK"
2025-07-22 15:26:34,185 - httpx - INFO - HTTP Request: PATCH https://ehsksxlciaukdbfaaogy.supabase.co/rest/v1/edutech_cards?id=eq.177 "HTTP/2 200 OK"
2025-07-22 15:26:34,237 - httpx - INFO - HTTP Request: PATCH https://ehsksxlciaukdbfaaogy.supabase.co/rest/v1/edutech_cards?id=eq.187 "HTTP/2 200 OK"
2025-07-22 15:26:34,275 - httpx - INFO - HTTP Request: PATCH https://ehsksxlciaukdbfaaogy.supabase.co/rest/v1/edutech_cards?id=eq.205 "HTTP/2 200 OK"
2025-07-22 15:26:34,322 - httpx - INFO - HTTP Request: PATCH https://ehsksxlciaukdbfaaogy.supabase.co/rest/v1/edutech_cards?id=eq.196 "HTTP/2 200 OK"
2025-07-22 15:26:34,410 - werkzeug - INFO - 127.0.0.1 - - [22/Jul/2025 15:26:34] "GET / HTTP/1.1" 200 -
2025-07-22 15:26:34,425 - httpx - INFO - HTTP Request: PATCH https://ehsksxlciaukdbfaaogy.supabase.co/rest/v1/edutech_cards?id=eq.195 "HTTP/2 200 OK"
2025-07-22 15:26:34,457 - werkzeug - INFO - 127.0.0.1 - - [22/Jul/2025 15:26:34] "[36mGET /static/css/style.css HTTP/1.1[0m" 304 -
2025-07-22 15:26:34,460 - werkzeug - INFO - 127.0.0.1 - - [22/Jul/2025 15:26:34] "[36mGET /static/js/view.js HTTP/1.1[0m" 304 -
=== API /api/cards GET 요청 받음 ===
검색 조건 - search: '', category: '', subject: ''
데이터베이스 쿼리 실행 중...
2025-07-22 15:26:34,479 - httpx - INFO - HTTP Request: PATCH https://ehsksxlciaukdbfaaogy.supabase.co/rest/v1/edutech_cards?id=eq.193 "HTTP/2 200 OK"
2025-07-22 15:26:34,533 - httpx - INFO - HTTP Request: GET https://ehsksxlciaukdbfaaogy.supabase.co/rest/v1/edutech_cards?select=%2A&view=eq.1&order=sort_order.asc%2Ccreated_at.desc "HTTP/2 200 OK"
2025-07-22 15:26:34,534 - httpx - INFO - HTTP Request: PATCH https://ehsksxlciaukdbfaaogy.supabase.co/rest/v1/edutech_cards?id=eq.192 "HTTP/2 200 OK"
조회된 카드 수: 188
첫 번째 카드: 구글 아트앤컬처
2025-07-22 15:26:34,544 - werkzeug - INFO - 127.0.0.1 - - [22/Jul/2025 15:26:34] "GET /api/cards HTTP/1.1" 200 -
2025-07-22 15:26:34,574 - httpx - INFO - HTTP Request: PATCH https://ehsksxlciaukdbfaaogy.supabase.co/rest/v1/edutech_cards?id=eq.191 "HTTP/2 200 OK"
2025-07-22 15:26:34,624 - httpx - INFO - HTTP Request: PATCH https://ehsksxlciaukdbfaaogy.supabase.co/rest/v1/edutech_cards?id=eq.189 "HTTP/2 200 OK"
2025-07-22 15:26:34,669 - httpx - INFO - HTTP Request: PATCH https://ehsksxlciaukdbfaaogy.supabase.co/rest/v1/edutech_cards?id=eq.188 "HTTP/2 200 OK"
2025-07-22 15:26:34,709 - httpx - INFO - HTTP Request: PATCH https://ehsksxlciaukdbfaaogy.supabase.co/rest/v1/edutech_cards?id=eq.194 "HTTP/2 200 OK"
2025-07-22 15:26:34,751 - httpx - INFO - HTTP Request: PATCH https://ehsksxlciaukdbfaaogy.supabase.co/rest/v1/edutech_cards?id=eq.190 "HTTP/2 200 OK"
2025-07-22 15:26:34,797 - httpx - INFO - HTTP Request: PATCH https://ehsksxlciaukdbfaaogy.supabase.co/rest/v1/edutech_cards?id=eq.201 "HTTP/2 200 OK"
2025-07-22 15:26:34,840 - httpx - INFO - HTTP Request: PATCH https://ehsksxlciaukdbfaaogy.supabase.co/rest/v1/edutech_cards?id=eq.199 "HTTP/2 200 OK"
2025-07-22 15:26:34,883 - httpx - INFO - HTTP Request: PATCH https://ehsksxlciaukdbfaaogy.supabase.co/rest/v1/edutech_cards?id=eq.203 "HTTP/2 200 OK"
2025-07-22 15:26:34,933 - httpx - INFO - HTTP Request: PATCH https://ehsksxlciaukdbfaaogy.supabase.co/rest/v1/edutech_cards?id=eq.200 "HTTP/2 200 OK"
2025-07-22 15:26:34,985 - httpx - INFO - HTTP Request: PATCH https://ehsksxlciaukdbfaaogy.supabase.co/rest/v1/edutech_cards?id=eq.198 "HTTP/2 200 OK"
2025-07-22 15:26:35,030 - httpx - INFO - HTTP Request: PATCH https://ehsksxlciaukdbfaaogy.supabase.co/rest/v1/edutech_cards?id=eq.197 "HTTP/2 200 OK"
2025-07-22 15:26:35,073 - httpx - INFO - HTTP Request: PATCH https://ehsksxlciaukdbfaaogy.supabase.co/rest/v1/edutech_cards?id=eq.202 "HTTP/2 200 OK"
2025-07-22 15:26:35,110 - httpx - INFO - HTTP Request: PATCH https://ehsksxlciaukdbfaaogy.supabase.co/rest/v1/edutech_cards?id=eq.206 "HTTP/2 200 OK"
2025-07-22 15:26:35,112 - werkzeug - INFO - 127.0.0.1 - - [22/Jul/2025 15:26:35] "POST /api/cards/reorder HTTP/1.1" 200 -
=== API /api/cards GET 요청 받음 ===
검색 조건 - search: '', category: '', subject: ''
데이터베이스 쿼리 실행 중...
2025-07-22 15:26:35,250 - httpx - INFO - HTTP Request: GET https://ehsksxlciaukdbfaaogy.supabase.co/rest/v1/edutech_cards?select=%2A&view=eq.1&order=sort_order.asc%2Ccreated_at.desc "HTTP/2 200 OK"
조회된 카드 수: 188
첫 번째 카드: 구글 아트앤컬처
2025-07-22 15:26:35,262 - werkzeug - INFO - 127.0.0.1 - - [22/Jul/2025 15:26:35] "GET /api/cards HTTP/1.1" 200 -
